#
# There is insufficient memory for the Java Runtime Environment to continue.
# Native memory allocation (malloc) failed to allocate 789056 bytes for Chunk::new
# Possible reasons:
#   The system is out of physical RAM or swap space
#   The process is running with CompressedOops enabled, and the Java Heap may be blocking the growth of the native heap
# Possible solutions:
#   Reduce memory load on the system
#   Increase physical memory or swap space
#   Check if swap backing store is full
#   Decrease Java heap size (-Xmx/-Xms)
#   Decrease number of Java threads
#   Decrease Java thread stack sizes (-Xss)
#   Set larger code cache with -XX:ReservedCodeCacheSize=
#   JVM is running with Unscaled Compressed Oops mode in which the Java heap is
#     placed in the first 4GB address space. The Java Heap base address is the
#     maximum limit for the native heap growth. Please use -XX:HeapBaseMinAddress
#     to set the Java Heap base and to place the Java Heap above 4GB virtual address.
# This output file may be truncated or incomplete.
#
#  Out of Memory Error (allocation.cpp:389), pid=15300, tid=0x00000000000043ac
#
# JRE version: OpenJDK Runtime Environment (8.0_212-b04) (build 1.8.0_212-release-1586-b04)
# Java VM: OpenJDK 64-Bit Server VM (25.212-b04 mixed mode windows-amd64 compressed oops)
# Failed to write core dump. Minidumps are not enabled by default on client versions of Windows
#

---------------  T H R E A D  ---------------

Current thread (0x0000000018c7f000):  JavaThread "C2 CompilerThread2" daemon [_thread_in_native, id=17324, stack(0x0000000019740000,0x0000000019840000)]

Stack: [0x0000000019740000,0x0000000019840000]
[error occurred during error reporting (printing stack bounds), id 0xc0000005]

Native frames: (J=compiled Java code, j=interpreted, Vv=VM code, C=native code)


Current CompileTask:
C2: 215917 6420       4       org.gradle.internal.reflect.ClassInspector::inspectClass (144 bytes)


---------------  P R O C E S S  ---------------

Java Threads: ( => current thread )
  0x000000001e658000 JavaThread "Memory manager" [_thread_blocked, id=13228, stack(0x0000000025170000,0x0000000025270000)]
  0x000000001e656800 JavaThread "Cache worker for Build Output Cleanup Cache (D:\ClientApp\.gradle\buildOutputCleanup)" [_thread_blocked, id=5716, stack(0x0000000024ae0000,0x0000000024be0000)]
  0x0000000018c7f800 JavaThread "Build operations Thread 8" [_thread_blocked, id=10508, stack(0x00000000249e0000,0x0000000024ae0000)]
  0x000000001e748000 JavaThread "Build operations Thread 7" [_thread_blocked, id=16864, stack(0x00000000248e0000,0x00000000249e0000)]
  0x000000001e74d800 JavaThread "Build operations Thread 6" [_thread_blocked, id=4036, stack(0x00000000247e0000,0x00000000248e0000)]
  0x000000001e74f000 JavaThread "Build operations Thread 5" [_thread_blocked, id=16816, stack(0x00000000246e0000,0x00000000247e0000)]
  0x000000001e74c800 JavaThread "Build operations Thread 4" [_thread_blocked, id=1712, stack(0x0000000023de0000,0x0000000023ee0000)]
  0x000000001e74b000 JavaThread "Build operations Thread 3" [_thread_blocked, id=18916, stack(0x00000000236e0000,0x00000000237e0000)]
  0x000000001e74a800 JavaThread "Build operations Thread 2" [_thread_blocked, id=3064, stack(0x00000000235e0000,0x00000000236e0000)]
  0x000000001e749800 JavaThread "Build operations" [_thread_blocked, id=16228, stack(0x00000000234e0000,0x00000000235e0000)]
  0x000000001e74c000 JavaThread "Cache worker for cache directory md-rule (C:\Users\yadanar moe\.gradle\caches\5.6.4\md-rule)" [_thread_blocked, id=11416, stack(0x00000000233e0000,0x00000000234e0000)]
  0x000000001e740800 JavaThread "Cache worker for cache directory md-supplier (C:\Users\yadanar moe\.gradle\caches\5.6.4\md-supplier)" [_thread_blocked, id=17792, stack(0x00000000232e0000,0x00000000233e0000)]
  0x000000001e742000 JavaThread "Cache worker for file hash cache (D:\ClientApp\.gradle\5.6.4\fileHashes)" [_thread_blocked, id=6284, stack(0x00000000231e0000,0x00000000232e0000)]
  0x000000001e747800 JavaThread "Thread-39" [_thread_blocked, id=7028, stack(0x00000000230e0000,0x00000000231e0000)]
  0x000000001e745000 JavaThread "Stdin handler" [_thread_blocked, id=4328, stack(0x0000000022dd0000,0x0000000022ed0000)]
  0x000000001e741800 JavaThread "Asynchronous log dispatcher for DefaultDaemonConnection: socket connection from /127.0.0.1:53715 to /127.0.0.1:53729" [_thread_blocked, id=10252, stack(0x0000000020600000,0x0000000020700000)]
  0x000000001e746000 JavaThread "Daemon worker Thread 2" [_thread_in_vm, id=11040, stack(0x0000000020300000,0x0000000020400000)]
  0x000000001e744800 JavaThread "Cancel handler" [_thread_blocked, id=1600, stack(0x000000001d260000,0x000000001d360000)]
  0x000000001e743800 JavaThread "Handler for socket connection from /127.0.0.1:53715 to /127.0.0.1:53729" [_thread_in_native, id=1724, stack(0x000000001d160000,0x000000001d260000)]
  0x000000001e746800 JavaThread "Daemon Thread 2" [_thread_blocked, id=5196, stack(0x000000001cc60000,0x000000001cd60000)]
  0x000000001e740000 JavaThread "Cache worker for execution history cache (C:\Users\yadanar moe\.gradle\caches\5.6.4\executionHistory)" [_thread_blocked, id=10000, stack(0x0000000022ad0000,0x0000000022bd0000)]
  0x0000000018c7e000 JavaThread "Cache worker for journal cache (C:\Users\yadanar moe\.gradle\caches\journal-1)" [_thread_blocked, id=2680, stack(0x000000001da60000,0x000000001db60000)]
  0x0000000018c7a800 JavaThread "File lock request listener" [_thread_in_native, id=18760, stack(0x000000001d960000,0x000000001da60000)]
  0x000000001ba1e000 JavaThread "Cache worker for file hash cache (C:\Users\yadanar moe\.gradle\caches\5.6.4\fileHashes)" [_thread_blocked, id=88, stack(0x000000001d860000,0x000000001d960000)]
  0x000000001b4e0800 JavaThread "Daemon periodic checks" [_thread_blocked, id=18212, stack(0x000000001cb60000,0x000000001cc60000)]
  0x000000001b565800 JavaThread "Incoming local TCP Connector on port 53715" [_thread_in_native, id=16748, stack(0x000000001c920000,0x000000001ca20000)]
  0x000000001b6b5000 JavaThread "Daemon health stats" [_thread_blocked, id=6448, stack(0x000000001c2e0000,0x000000001c3e0000)]
  0x0000000018d11000 JavaThread "Service Thread" daemon [_thread_blocked, id=7192, stack(0x0000000019940000,0x0000000019a40000)]
  0x0000000018c7c800 JavaThread "C1 CompilerThread3" daemon [_thread_blocked, id=14420, stack(0x0000000019840000,0x0000000019940000)]
=>0x0000000018c7f000 JavaThread "C2 CompilerThread2" daemon [_thread_in_native, id=17324, stack(0x0000000019740000,0x0000000019840000)]
  0x0000000018c75800 JavaThread "C2 CompilerThread1" daemon [_thread_in_native, id=4160, stack(0x0000000019640000,0x0000000019740000)]
  0x0000000018c71000 JavaThread "C2 CompilerThread0" daemon [_thread_in_native, id=3800, stack(0x0000000019540000,0x0000000019640000)]
  0x0000000018c6e800 JavaThread "Attach Listener" daemon [_thread_blocked, id=13664, stack(0x0000000019440000,0x0000000019540000)]
  0x0000000018c6b800 JavaThread "Signal Dispatcher" daemon [_thread_blocked, id=4992, stack(0x0000000019340000,0x0000000019440000)]
  0x000000000308e000 JavaThread "Finalizer" daemon [_thread_blocked, id=17540, stack(0x0000000019140000,0x0000000019240000)]
  0x0000000003085000 JavaThread "Reference Handler" daemon [_thread_blocked, id=10616, stack(0x0000000019040000,0x0000000019140000)]
  0x0000000002f92800 JavaThread "main" [_thread_blocked, id=8048, stack(0x0000000002e90000,0x0000000002f90000)]

Other Threads:
  0x0000000016e48000 VMThread [stack: 0x0000000018b40000,0x0000000018c40000] [id=4400]
  0x0000000018cdc000 WatcherThread [stack: 0x0000000019a40000,0x0000000019b40000] [id=18752]

VM state:not at safepoint (normal execution)

VM Mutex/Monitor currently owned by a thread: None

heap address: 0x00000000a0000000, size: 1536 MB, Compressed Oops mode: 32-bit
Narrow klass base: 0x0000000000000000, Narrow klass shift: 3
Compressed class space size: 1073741824 Address: 0x0000000100000000

Heap:
 PSYoungGen      total 137728K, used 100932K [0x00000000e0000000, 0x00000000eb880000, 0x0000000100000000)
  eden space 133632K, 75% used [0x00000000e0000000,0x00000000e62913e8,0x00000000e8280000)
  from space 4096K, 0% used [0x00000000eb480000,0x00000000eb480000,0x00000000eb880000)
  to   space 18432K, 0% used [0x00000000e9480000,0x00000000e9480000,0x00000000ea680000)
 ParOldGen       total 130560K, used 30442K [0x00000000a0000000, 0x00000000a7f80000, 0x00000000e0000000)
  object space 130560K, 23% used [0x00000000a0000000,0x00000000a1dba9c8,0x00000000a7f80000)
 Metaspace       used 61362K, capacity 63396K, committed 63616K, reserved 1103872K
  class space    used 8319K, capacity 8778K, committed 8832K, reserved 1048576K

Card table byte_map: [0x0000000012450000,0x0000000012760000] byte_map_base: 0x0000000011f50000

Marking Bits: (ParMarkBitMap*) 0x000000005fc49f30
 Begin Bits: [0x0000000013160000, 0x0000000014960000)
 End Bits:   [0x0000000014960000, 0x0000000016160000)

Polling page: 0x0000000001580000

CodeCache: size=245760Kb used=18836Kb max_used=18876Kb free=226923Kb
 bounds [0x0000000003090000, 0x0000000004320000, 0x0000000012090000]
 total_blobs=6469 nmethods=5688 adapters=694
 compilation: enabled

Compilation events (10 events):
Event: 215.898 Thread 0x0000000018c7c800 6482       3       java.util.Spliterators::spliterator (16 bytes)
Event: 215.899 Thread 0x0000000018c7c800 nmethod 6482 0x000000000375fad0 code [0x000000000375fc60, 0x000000000375ff78]
Event: 215.899 Thread 0x0000000018c7c800 6485       3       org.gradle.api.internal.tasks.properties.annotations.NoOpPropertyAnnotationHandler::getAllowedModifiers (4 bytes)
Event: 215.899 Thread 0x0000000018c7c800 nmethod 6485 0x000000000375f710 code [0x000000000375f880, 0x000000000375fa30]
Event: 215.899 Thread 0x0000000018c7c800 6483       3       java.util.Spliterators$IteratorSpliterator::<init> (39 bytes)
Event: 215.899 Thread 0x0000000018c7c800 nmethod 6483 0x000000000375f290 code [0x000000000375f400, 0x000000000375f650]
Event: 215.899 Thread 0x0000000018c7c800 6484       3       java.util.Spliterators$IteratorSpliterator::estimateSize (41 bytes)
Event: 215.900 Thread 0x0000000018c7c800 nmethod 6484 0x000000000375ecd0 code [0x000000000375ee40, 0x000000000375f198]
Event: 215.900 Thread 0x0000000018c7c800 6486       3       org.gradle.api.internal.tasks.properties.annotations.NoOpPropertyAnnotationHandler::validatePropertyMetadata (1 bytes)
Event: 215.900 Thread 0x0000000018c7c800 nmethod 6486 0x0000000003a0fc10 code [0x0000000003a0fd60, 0x0000000003a0feb0]

GC Heap History (10 events):
Event: 5.081 GC heap before
{Heap before GC invocations=11 (full 2):
 PSYoungGen      total 116224K, used 10764K [0x00000000e0000000, 0x00000000ea280000, 0x0000000100000000)
  eden space 104960K, 0% used [0x00000000e0000000,0x00000000e0000000,0x00000000e6680000)
  from space 11264K, 95% used [0x00000000e6680000,0x00000000e7103050,0x00000000e7180000)
  to   space 12288K, 0% used [0x00000000e9680000,0x00000000e9680000,0x00000000ea280000)
 ParOldGen       total 58880K, used 9869K [0x00000000a0000000, 0x00000000a3980000, 0x00000000e0000000)
  object space 58880K, 16% used [0x00000000a0000000,0x00000000a09a3500,0x00000000a3980000)
 Metaspace       used 34668K, capacity 35436K, committed 35496K, reserved 1079296K
  class space    used 4774K, capacity 4959K, committed 4992K, reserved 1048576K
Event: 5.125 GC heap after
Heap after GC invocations=11 (full 2):
 PSYoungGen      total 116224K, used 0K [0x00000000e0000000, 0x00000000ea280000, 0x0000000100000000)
  eden space 104960K, 0% used [0x00000000e0000000,0x00000000e0000000,0x00000000e6680000)
  from space 11264K, 0% used [0x00000000e6680000,0x00000000e6680000,0x00000000e7180000)
  to   space 12288K, 0% used [0x00000000e9680000,0x00000000e9680000,0x00000000ea280000)
 ParOldGen       total 90112K, used 17863K [0x00000000a0000000, 0x00000000a5800000, 0x00000000e0000000)
  object space 90112K, 19% used [0x00000000a0000000,0x00000000a1171df8,0x00000000a5800000)
 Metaspace       used 34641K, capacity 35346K, committed 35496K, reserved 1079296K
  class space    used 4766K, capacity 4944K, committed 4992K, reserved 1048576K
}
Event: 7.074 GC heap before
{Heap before GC invocations=12 (full 2):
 PSYoungGen      total 116224K, used 104960K [0x00000000e0000000, 0x00000000ea280000, 0x0000000100000000)
  eden space 104960K, 100% used [0x00000000e0000000,0x00000000e6680000,0x00000000e6680000)
  from space 11264K, 0% used [0x00000000e6680000,0x00000000e6680000,0x00000000e7180000)
  to   space 12288K, 0% used [0x00000000e9680000,0x00000000e9680000,0x00000000ea280000)
 ParOldGen       total 90112K, used 17863K [0x00000000a0000000, 0x00000000a5800000, 0x00000000e0000000)
  object space 90112K, 19% used [0x00000000a0000000,0x00000000a1171df8,0x00000000a5800000)
 Metaspace       used 45005K, capacity 45992K, committed 46336K, reserved 1089536K
  class space    used 6045K, capacity 6292K, committed 6400K, reserved 1048576K
Event: 7.083 GC heap after
Heap after GC invocations=12 (full 2):
 PSYoungGen      total 144896K, used 12275K [0x00000000e0000000, 0x00000000ea280000, 0x0000000100000000)
  eden space 132608K, 0% used [0x00000000e0000000,0x00000000e0000000,0x00000000e8180000)
  from space 12288K, 99% used [0x00000000e9680000,0x00000000ea27cc38,0x00000000ea280000)
  to   space 14336K, 0% used [0x00000000e8680000,0x00000000e8680000,0x00000000e9480000)
 ParOldGen       total 90112K, used 19169K [0x00000000a0000000, 0x00000000a5800000, 0x00000000e0000000)
  object space 90112K, 21% used [0x00000000a0000000,0x00000000a12b8750,0x00000000a5800000)
 Metaspace       used 45005K, capacity 45992K, committed 46336K, reserved 1089536K
  class space    used 6045K, capacity 6292K, committed 6400K, reserved 1048576K
}
Event: 9.908 GC heap before
{Heap before GC invocations=13 (full 2):
 PSYoungGen      total 144896K, used 144883K [0x00000000e0000000, 0x00000000ea280000, 0x0000000100000000)
  eden space 132608K, 100% used [0x00000000e0000000,0x00000000e8180000,0x00000000e8180000)
  from space 12288K, 99% used [0x00000000e9680000,0x00000000ea27cc38,0x00000000ea280000)
  to   space 14336K, 0% used [0x00000000e8680000,0x00000000e8680000,0x00000000e9480000)
 ParOldGen       total 90112K, used 19169K [0x00000000a0000000, 0x00000000a5800000, 0x00000000e0000000)
  object space 90112K, 21% used [0x00000000a0000000,0x00000000a12b8750,0x00000000a5800000)
 Metaspace       used 55565K, capacity 57184K, committed 57344K, reserved 1099776K
  class space    used 7434K, capacity 7846K, committed 7936K, reserved 1048576K
Event: 9.932 GC heap after
Heap after GC invocations=13 (full 2):
 PSYoungGen      total 152064K, used 14329K [0x00000000e0000000, 0x00000000ec680000, 0x0000000100000000)
  eden space 137728K, 0% used [0x00000000e0000000,0x00000000e0000000,0x00000000e8680000)
  from space 14336K, 99% used [0x00000000e8680000,0x00000000e947e4e8,0x00000000e9480000)
  to   space 18432K, 0% used [0x00000000eb480000,0x00000000eb480000,0x00000000ec680000)
 ParOldGen       total 90112K, used 26029K [0x00000000a0000000, 0x00000000a5800000, 0x00000000e0000000)
  object space 90112K, 28% used [0x00000000a0000000,0x00000000a196b7d0,0x00000000a5800000)
 Metaspace       used 55565K, capacity 57184K, committed 57344K, reserved 1099776K
  class space    used 7434K, capacity 7846K, committed 7936K, reserved 1048576K
}
Event: 214.294 GC heap before
{Heap before GC invocations=14 (full 2):
 PSYoungGen      total 152064K, used 65056K [0x00000000e0000000, 0x00000000ec680000, 0x0000000100000000)
  eden space 137728K, 36% used [0x00000000e0000000,0x00000000e3189bb8,0x00000000e8680000)
  from space 14336K, 99% used [0x00000000e8680000,0x00000000e947e4e8,0x00000000e9480000)
  to   space 18432K, 0% used [0x00000000eb480000,0x00000000eb480000,0x00000000ec680000)
 ParOldGen       total 90112K, used 26029K [0x00000000a0000000, 0x00000000a5800000, 0x00000000e0000000)
  object space 90112K, 28% used [0x00000000a0000000,0x00000000a196b7d0,0x00000000a5800000)
 Metaspace       used 57119K, capacity 59004K, committed 59136K, reserved 1099776K
  class space    used 7619K, capacity 8095K, committed 8192K, reserved 1048576K
Event: 214.308 GC heap after
Heap after GC invocations=14 (full 2):
 PSYoungGen      total 137728K, used 3992K [0x00000000e0000000, 0x00000000eb880000, 0x0000000100000000)
  eden space 133632K, 0% used [0x00000000e0000000,0x00000000e0000000,0x00000000e8280000)
  from space 4096K, 97% used [0x00000000eb480000,0x00000000eb8663d8,0x00000000eb880000)
  to   space 18432K, 0% used [0x00000000e9480000,0x00000000e9480000,0x00000000ea680000)
 ParOldGen       total 90112K, used 34139K [0x00000000a0000000, 0x00000000a5800000, 0x00000000e0000000)
  object space 90112K, 37% used [0x00000000a0000000,0x00000000a2156f10,0x00000000a5800000)
 Metaspace       used 57119K, capacity 59004K, committed 59136K, reserved 1099776K
  class space    used 7619K, capacity 8095K, committed 8192K, reserved 1048576K
}
Event: 214.308 GC heap before
{Heap before GC invocations=15 (full 3):
 PSYoungGen      total 137728K, used 3992K [0x00000000e0000000, 0x00000000eb880000, 0x0000000100000000)
  eden space 133632K, 0% used [0x00000000e0000000,0x00000000e0000000,0x00000000e8280000)
  from space 4096K, 97% used [0x00000000eb480000,0x00000000eb8663d8,0x00000000eb880000)
  to   space 18432K, 0% used [0x00000000e9480000,0x00000000e9480000,0x00000000ea680000)
 ParOldGen       total 90112K, used 34139K [0x00000000a0000000, 0x00000000a5800000, 0x00000000e0000000)
  object space 90112K, 37% used [0x00000000a0000000,0x00000000a2156f10,0x00000000a5800000)
 Metaspace       used 57119K, capacity 59004K, committed 59136K, reserved 1099776K
  class space    used 7619K, capacity 8095K, committed 8192K, reserved 1048576K
Event: 214.562 GC heap after
Heap after GC invocations=15 (full 3):
 PSYoungGen      total 137728K, used 0K [0x00000000e0000000, 0x00000000eb880000, 0x0000000100000000)
  eden space 133632K, 0% used [0x00000000e0000000,0x00000000e0000000,0x00000000e8280000)
  from space 4096K, 0% used [0x00000000eb480000,0x00000000eb480000,0x00000000eb880000)
  to   space 18432K, 0% used [0x00000000e9480000,0x00000000e9480000,0x00000000ea680000)
 ParOldGen       total 130560K, used 30442K [0x00000000a0000000, 0x00000000a7f80000, 0x00000000e0000000)
  object space 130560K, 23% used [0x00000000a0000000,0x00000000a1dba9c8,0x00000000a7f80000)
 Metaspace       used 57119K, capacity 59004K, committed 59136K, reserved 1099776K
  class space    used 7619K, capacity 8095K, committed 8192K, reserved 1048576K
}

Deoptimization events (10 events):
Event: 215.046 Thread 0x000000001e746000 Uncommon trap: reason=unstable_if action=reinterpret pc=0x00000000039f3198 method=java.util.HashMap.putVal(ILjava/lang/Object;Ljava/lang/Object;ZZ)Ljava/lang/Object; @ 109
Event: 215.093 Thread 0x000000001e746000 Uncommon trap: reason=predicate action=maybe_recompile pc=0x00000000041d83bc method=java.util.AbstractCollection.toArray([Ljava/lang/Object;)[Ljava/lang/Object; @ 49
Event: 215.377 Thread 0x000000001e746000 Uncommon trap: reason=array_check action=maybe_recompile pc=0x0000000004250570 method=java.util.AbstractCollection.toArray([Ljava/lang/Object;)[Ljava/lang/Object; @ 119
Event: 215.377 Thread 0x000000001e746000 Uncommon trap: reason=array_check action=maybe_recompile pc=0x0000000004250570 method=java.util.AbstractCollection.toArray([Ljava/lang/Object;)[Ljava/lang/Object; @ 119
Event: 215.377 Thread 0x000000001e746000 Uncommon trap: reason=array_check action=maybe_recompile pc=0x0000000004250570 method=java.util.AbstractCollection.toArray([Ljava/lang/Object;)[Ljava/lang/Object; @ 119
Event: 215.377 Thread 0x000000001e746000 Uncommon trap: reason=array_check action=maybe_recompile pc=0x0000000004250570 method=java.util.AbstractCollection.toArray([Ljava/lang/Object;)[Ljava/lang/Object; @ 119
Event: 215.749 Thread 0x000000001e746000 Uncommon trap: reason=unstable_if action=reinterpret pc=0x00000000042b0880 method=org.objectweb.asm.Type.getType(Ljava/lang/Class;)Lorg/objectweb/asm/Type; @ 33
Event: 215.749 Thread 0x000000001e746000 Uncommon trap: reason=unstable_if action=reinterpret pc=0x0000000003f213ec method=org.objectweb.asm.Type.getArgumentsAndReturnSizes(Ljava/lang/String;)I @ 109
Event: 215.749 Thread 0x000000001e746000 Uncommon trap: reason=unstable_if action=reinterpret pc=0x0000000003c293e0 method=org.objectweb.asm.Type.getArgumentsAndReturnSizes(Ljava/lang/String;)I @ 109
Event: 215.827 Thread 0x000000001e746000 Uncommon trap: reason=unstable_if action=reinterpret pc=0x00000000042ad65c method=org.gradle.api.internal.project.taskfactory.DefaultTaskClassInfoStore.createTaskAction(Ljava/lang/Class;Ljava/lang/reflect/Method;Ljava/util/Map;)Lorg/gradle/api/internal/pr

Classes redefined (0 events):
No events

Internal exceptions (10 events):
Event: 215.553 Thread 0x000000001e746000 Exception <a 'java/lang/ClassNotFoundException': com/android/build/gradle/tasks/MergeResources_DecoratedBeanInfo> (0x00000000e47940a8) thrown at [D:\src\AOSP-openjdk-cygwin\jdk8u\hotspot\src\share\vm\classfile\systemDictionary.cpp, line 210]
Event: 215.554 Thread 0x000000001e746000 Exception <a 'java/lang/ClassNotFoundException': com/android/build/gradle/tasks/MergeResourcesBeanInfo> (0x00000000e47ae2d8) thrown at [D:\src\AOSP-openjdk-cygwin\jdk8u\hotspot\src\share\vm\classfile\systemDictionary.cpp, line 210]
Event: 215.555 Thread 0x000000001e746000 Exception <a 'java/lang/ClassNotFoundException': com/android/build/gradle/tasks/ResourceAwareTaskBeanInfo> (0x00000000e47c9028) thrown at [D:\src\AOSP-openjdk-cygwin\jdk8u\hotspot\src\share\vm\classfile\systemDictionary.cpp, line 210]
Event: 215.556 Thread 0x000000001e746000 Exception <a 'java/lang/ClassNotFoundException': com/android/build/gradle/internal/tasks/IncrementalTaskBeanInfo> (0x00000000e47e5bc8) thrown at [D:\src\AOSP-openjdk-cygwin\jdk8u\hotspot\src\share\vm\classfile\systemDictionary.cpp, line 210]
Event: 215.556 Thread 0x000000001e746000 Exception <a 'java/lang/ClassNotFoundException': com/android/build/gradle/internal/tasks/AndroidVariantTaskBeanInfo> (0x00000000e4802db8) thrown at [D:\src\AOSP-openjdk-cygwin\jdk8u\hotspot\src\share\vm\classfile\systemDictionary.cpp, line 210]
Event: 215.557 Thread 0x000000001e746000 Exception <a 'java/lang/ClassNotFoundException': com/android/build/gradle/internal/tasks/AndroidVariantTaskCustomizer> (0x00000000e4820fa8) thrown at [D:\src\AOSP-openjdk-cygwin\jdk8u\hotspot\src\share\vm\classfile\systemDictionary.cpp, line 210]
Event: 215.563 Thread 0x000000001e746000 Exception <a 'java/lang/ClassNotFoundException': com/android/build/gradle/internal/tasks/IncrementalTaskCustomizer> (0x00000000e4854708) thrown at [D:\src\AOSP-openjdk-cygwin\jdk8u\hotspot\src\share\vm\classfile\systemDictionary.cpp, line 210]
Event: 215.564 Thread 0x000000001e746000 Exception <a 'java/lang/ClassNotFoundException': com/android/build/gradle/tasks/ResourceAwareTaskCustomizer> (0x00000000e4882f10) thrown at [D:\src\AOSP-openjdk-cygwin\jdk8u\hotspot\src\share\vm\classfile\systemDictionary.cpp, line 210]
Event: 215.565 Thread 0x000000001e746000 Exception <a 'java/lang/ClassNotFoundException': com/android/build/gradle/tasks/MergeResourcesCustomizer> (0x00000000e48bd4b8) thrown at [D:\src\AOSP-openjdk-cygwin\jdk8u\hotspot\src\share\vm\classfile\systemDictionary.cpp, line 210]
Event: 215.567 Thread 0x000000001e746000 Exception <a 'java/lang/ClassNotFoundException': com/android/build/gradle/tasks/MergeResources_DecoratedCustomizer> (0x00000000e4908590) thrown at [D:\src\AOSP-openjdk-cygwin\jdk8u\hotspot\src\share\vm\classfile\systemDictionary.cpp, line 210]

Events (10 events):
Event: 215.881 loading class org/gradle/plugins/ide/idea/IdeaPlugin$32$1 done
Event: 215.891 loading class org/gradle/buildinit/plugins/internal/BuildInitializer
Event: 215.891 loading class org/gradle/buildinit/plugins/internal/BuildInitializer done
Event: 215.892 loading class org/gradle/buildinit/plugins/internal/BuildContentGenerator
Event: 215.892 loading class org/gradle/buildinit/plugins/internal/BuildContentGenerator done
Event: 215.899 loading class org/gradle/buildinit/plugins/BuildInitPlugin$1$1
Event: 215.899 loading class org/gradle/buildinit/plugins/BuildInitPlugin$1$1 done
Event: 215.900 loading class org/gradle/api/internal/AbstractTask$5
Event: 215.900 loading class org/gradle/api/internal/AbstractTask$5 done
Event: 215.901 loading class org/gradle/buildinit/plugins/BuildInitPlugin$1$2


Dynamic libraries:
0x00007ff79edc0000 - 0x00007ff79edf1000 	C:\Program Files\Android\Android Studio\jre\bin\java.exe
0x00007ffaecc00000 - 0x00007ffaecdf0000 	C:\WINDOWS\SYSTEM32\ntdll.dll
0x00007ffaa35a0000 - 0x00007ffaa35b3000 	C:\Program Files\AVG\Antivirus\aswhook.dll
0x00007ffaec430000 - 0x00007ffaec4e2000 	C:\WINDOWS\System32\KERNEL32.DLL
0x00007ffaea010000 - 0x00007ffaea2b4000 	C:\WINDOWS\System32\KERNELBASE.dll
0x00007ffaeb430000 - 0x00007ffaeb4d3000 	C:\WINDOWS\System32\ADVAPI32.dll
0x00007ffaeca00000 - 0x00007ffaeca9e000 	C:\WINDOWS\System32\msvcrt.dll
0x00007ffaec960000 - 0x00007ffaec9f7000 	C:\WINDOWS\System32\sechost.dll
0x00007ffaec140000 - 0x00007ffaec260000 	C:\WINDOWS\System32\RPCRT4.dll
0x00007ffaebf10000 - 0x00007ffaec0a4000 	C:\WINDOWS\System32\USER32.dll
0x00007ffae9d30000 - 0x00007ffae9d51000 	C:\WINDOWS\System32\win32u.dll
0x00007ffaec0b0000 - 0x00007ffaec0d6000 	C:\WINDOWS\System32\GDI32.dll
0x00007ffae9b90000 - 0x00007ffae9d24000 	C:\WINDOWS\System32\gdi32full.dll
0x00007ffae9e90000 - 0x00007ffae9f2e000 	C:\WINDOWS\System32\msvcp_win.dll
0x00007ffaea2c0000 - 0x00007ffaea3ba000 	C:\WINDOWS\System32\ucrtbase.dll
0x00007ffadcbe0000 - 0x00007ffadce64000 	C:\WINDOWS\WinSxS\amd64_microsoft.windows.common-controls_6595b64144ccf1df_6.0.18362.836_none_e6c4b943130f18ed\COMCTL32.dll
0x00007ffaead60000 - 0x00007ffaeb096000 	C:\WINDOWS\System32\combase.dll
0x00007ffae9e10000 - 0x00007ffae9e90000 	C:\WINDOWS\System32\bcryptPrimitives.dll
0x00007ffaecb90000 - 0x00007ffaecbbe000 	C:\WINDOWS\System32\IMM32.DLL
0x00000000615f0000 - 0x00000000616c2000 	C:\Program Files\Android\Android Studio\jre\jre\bin\msvcr100.dll
0x000000005f480000 - 0x000000005fcc6000 	C:\Program Files\Android\Android Studio\jre\jre\bin\server\jvm.dll
0x00007ffaebf00000 - 0x00007ffaebf08000 	C:\WINDOWS\System32\PSAPI.DLL
0x00007ffad8ab0000 - 0x00007ffad8ab9000 	C:\WINDOWS\SYSTEM32\WSOCK32.dll
0x00007ffaec280000 - 0x00007ffaec2ef000 	C:\WINDOWS\System32\WS2_32.dll
0x00007ffae5d00000 - 0x00007ffae5d24000 	C:\WINDOWS\SYSTEM32\WINMM.dll
0x00007ffadc5b0000 - 0x00007ffadc5ba000 	C:\WINDOWS\SYSTEM32\VERSION.dll
0x00007ffae5cd0000 - 0x00007ffae5cfd000 	C:\WINDOWS\SYSTEM32\WINMMBASE.dll
0x00007ffae9d60000 - 0x00007ffae9daa000 	C:\WINDOWS\System32\cfgmgr32.dll
0x00007ffae60a0000 - 0x00007ffae60af000 	C:\Program Files\Android\Android Studio\jre\jre\bin\verify.dll
0x00007ffae6070000 - 0x00007ffae6099000 	C:\Program Files\Android\Android Studio\jre\jre\bin\java.dll
0x00007ffae6050000 - 0x00007ffae6066000 	C:\Program Files\Android\Android Studio\jre\jre\bin\zip.dll
0x00007ffaeb6d0000 - 0x00007ffaebdb4000 	C:\WINDOWS\System32\SHELL32.dll
0x00007ffaeb5b0000 - 0x00007ffaeb659000 	C:\WINDOWS\System32\shcore.dll
0x00007ffaea3e0000 - 0x00007ffaeab5e000 	C:\WINDOWS\System32\windows.storage.dll
0x00007ffae9b10000 - 0x00007ffae9b33000 	C:\WINDOWS\System32\profapi.dll
0x00007ffae9b40000 - 0x00007ffae9b8a000 	C:\WINDOWS\System32\powrprof.dll
0x00007ffae9ac0000 - 0x00007ffae9ad0000 	C:\WINDOWS\System32\UMPDC.dll
0x00007ffaec0e0000 - 0x00007ffaec132000 	C:\WINDOWS\System32\shlwapi.dll
0x00007ffae9ad0000 - 0x00007ffae9ae1000 	C:\WINDOWS\System32\kernel.appcore.dll
0x00007ffaea3c0000 - 0x00007ffaea3d7000 	C:\WINDOWS\System32\cryptsp.dll
0x00007ffad88b0000 - 0x00007ffad88ca000 	C:\Program Files\Android\Android Studio\jre\jre\bin\net.dll
0x00007ffad5530000 - 0x00007ffad5706000 	C:\WINDOWS\SYSTEM32\urlmon.dll
0x00007ffad5280000 - 0x00007ffad5526000 	C:\WINDOWS\SYSTEM32\iertutil.dll
0x00007ffae9500000 - 0x00007ffae950c000 	C:\WINDOWS\SYSTEM32\CRYPTBASE.DLL
0x00007ffae9330000 - 0x00007ffae9397000 	C:\WINDOWS\system32\mswsock.dll
0x00007ffad8890000 - 0x00007ffad88a3000 	C:\Program Files\Android\Android Studio\jre\jre\bin\nio.dll
0x00007ffad8800000 - 0x00007ffad8826000 	C:\Users\yadanar moe\.gradle\native\30\windows-amd64\native-platform.dll
0x00007ffae5ec0000 - 0x00007ffae5ecd000 	C:\Program Files\Android\Android Studio\jre\jre\bin\management.dll
0x00007ffae8ea0000 - 0x00007ffae8ed3000 	C:\WINDOWS\system32\rsaenh.dll
0x00007ffae9fe0000 - 0x00007ffaea006000 	C:\WINDOWS\System32\bcrypt.dll
0x00007ffae99e0000 - 0x00007ffae9a05000 	C:\WINDOWS\SYSTEM32\USERENV.dll
0x00007ffae9040000 - 0x00007ffae907a000 	C:\WINDOWS\SYSTEM32\IPHLPAPI.DLL
0x00007ffaec420000 - 0x00007ffaec428000 	C:\WINDOWS\System32\NSI.dll
0x00007ffade160000 - 0x00007ffade176000 	C:\WINDOWS\SYSTEM32\dhcpcsvc6.DLL
0x00007ffade140000 - 0x00007ffade15c000 	C:\WINDOWS\SYSTEM32\dhcpcsvc.DLL
0x00007ffae9080000 - 0x00007ffae914b000 	C:\WINDOWS\SYSTEM32\DNSAPI.dll

VM Arguments:
jvm_args: -Xmx1536m -Dfile.encoding=windows-1252 -Duser.country=SG -Duser.language=en -Duser.variant 
java_command: org.gradle.launcher.daemon.bootstrap.GradleDaemon 5.6.4
java_class_path (initial): C:\Users\yadanar moe\.gradle\wrapper\dists\gradle-5.6.4-all\ankdp27end7byghfw1q2sw75f\gradle-5.6.4\lib\gradle-launcher-5.6.4.jar
Launcher Type: SUN_STANDARD

Environment Variables:
JAVA_HOME=C:\Program Files\Java\jdk
PATH=C:\Program Files (x86)\Common Files\Oracle\Java\javapath;C:\ProgramData\Oracle\Java\javapath;C:\Program Files (x86)\Intel\Intel(R) Management Engine Components\iCLS\:C:\Program Files\Java\jdk-12.0.2\bin;C:\Program Files\Intel\Intel(R) Management Engine Components\iCLS\;C:\Windows\system32;C:\Windows;C:\Windows\System32\Wbem;C:\Windows\System32\WindowsPowerShell\v1.0\:C:\Program Files\Java\jdk\bin:C:\Program Files\Java\jre\bin;C:\Windows\System32\OpenSSH\;C:\Program Files (x86)\Intel\Intel(R) Management Engine Components\DAL;C:\Program Files\Intel\Intel(R) Management Engine Components\DAL;C:\Program Files (x86)\Intel\Intel(R) Management Engine Components\IPT;C:\Program Files\Intel\Intel(R) Management Engine Components\IPT;C:\Program Files (x86)\NVIDIA Corporation\PhysX\Common;C:\WINDOWS\system32;C:\WINDOWS;C:\WINDOWS\System32\Wbem;C:\WINDOWS\System32\WindowsPowerShell\v1.0\;C:\WINDOWS\System32\OpenSSH\;C:\Program Files\Git\cmd;C:\Program Files\Git\mingw64\bin;C:\Program Files\Git\usr\bin;C:\Program Files\Java\jdk1.8.0_221\bin;C:\Users\yadanar moe\AppData\Local\Microsoft\WindowsApps;;C:\Users\yadanar moe\AppData\Local\Programs\Microsoft VS Code\bin;C:\Program Files\JetBrains\PyCharm Community Edition 2019.3.1\bin;
USERNAME=yadanar moe
OS=Windows_NT
PROCESSOR_IDENTIFIER=Intel64 Family 6 Model 142 Stepping 10, GenuineIntel



---------------  S Y S T E M  ---------------

OS: Windows 10.0 , 64 bit Build 18362 (10.0.18362.778)

CPU:total 8 (initial active 8) (4 cores per cpu, 2 threads per core) family 6 model 142 stepping 10, cmov, cx8, fxsr, mmx, sse, sse2, sse3, ssse3, sse4.1, sse4.2, popcnt, avx, avx2, aes, clmul, erms, 3dnowpref, lzcnt, ht, tsc, tscinvbit, bmi1, bmi2, adx

Memory: 4k page, physical 8270048k(1104792k free), swap 33435872k(2156k free)

vm_info: OpenJDK 64-Bit Server VM (25.212-b04) for windows-amd64 JRE (1.8.0_212-release-1586-b04), built by "builder" with MS VC++ 10.0 (VS2010)

time: Tue Jun 09 03:41:14 2020
timezone: Malay Peninsula Standard Time
elapsed time: 215 seconds (0d 0h 3m 35s)

