#
# There is insufficient memory for the Java Runtime Environment to continue.
# Native memory allocation (malloc) failed to allocate 475680 bytes for Chunk::new
# Possible reasons:
#   The system is out of physical RAM or swap space
#   The process is running with CompressedOops enabled, and the Java Heap may be blocking the growth of the native heap
# Possible solutions:
#   Reduce memory load on the system
#   Increase physical memory or swap space
#   Check if swap backing store is full
#   Decrease Java heap size (-Xmx/-Xms)
#   Decrease number of Java threads
#   Decrease Java thread stack sizes (-Xss)
#   Set larger code cache with -XX:ReservedCodeCacheSize=
#   JVM is running with Unscaled Compressed Oops mode in which the Java heap is
#     placed in the first 4GB address space. The Java Heap base address is the
#     maximum limit for the native heap growth. Please use -XX:HeapBaseMinAddress
#     to set the Java Heap base and to place the Java Heap above 4GB virtual address.
# This output file may be truncated or incomplete.
#
#  Out of Memory Error (allocation.cpp:389), pid=14472, tid=0x000000000000027c
#
# JRE version: OpenJDK Runtime Environment (8.0_212-b04) (build 1.8.0_212-release-1586-b04)
# Java VM: OpenJDK 64-Bit Server VM (25.212-b04 mixed mode windows-amd64 compressed oops)
# Failed to write core dump. Minidumps are not enabled by default on client versions of Windows
#

---------------  T H R E A D  ---------------

Current thread (0x0000000017ed1000):  JavaThread "C2 CompilerThread1" daemon [_thread_in_native, id=636, stack(0x00000000188a0000,0x00000000189a0000)]

Stack: [0x00000000188a0000,0x00000000189a0000]
[error occurred during error reporting (printing stack bounds), id 0xc0000005]

Native frames: (J=compiled Java code, j=interpreted, Vv=VM code, C=native code)


Current CompileTask:
C2:  30622 12065       4       com.android.tools.r8.graph.E0::a (51 bytes)


---------------  P R O C E S S  ---------------

Java Threads: ( => current thread )
  0x000000001d4cb000 JavaThread "ForkJoinPool-2-worker-0" daemon [_thread_blocked, id=6256, stack(0x000000002af60000,0x000000002b060000)]
  0x000000001d4cb800 JavaThread "ForkJoinPool-2-worker-7" daemon [_thread_in_Java, id=10936, stack(0x000000002ae60000,0x000000002af60000)]
  0x000000001d4c8000 JavaThread "ForkJoinPool-2-worker-6" daemon [_thread_blocked, id=14876, stack(0x000000002ad60000,0x000000002ae60000)]
  0x000000001d4cc800 JavaThread "ForkJoinPool-2-worker-5" daemon [_thread_blocked, id=11708, stack(0x000000002ac60000,0x000000002ad60000)]
  0x000000001d4c7000 JavaThread "ForkJoinPool-2-worker-4" daemon [_thread_blocked, id=9308, stack(0x000000002ab60000,0x000000002ac60000)]
  0x000000001d4c8800 JavaThread "ForkJoinPool-2-worker-3" daemon [_thread_in_Java, id=10392, stack(0x000000002aa60000,0x000000002ab60000)]
  0x000000001d4ca000 JavaThread "ForkJoinPool-2-worker-2" daemon [_thread_blocked, id=11244, stack(0x000000002a960000,0x000000002aa60000)]
  0x000000001d4c9800 JavaThread "ForkJoinPool-2-worker-1" daemon [_thread_blocked, id=9560, stack(0x000000002a860000,0x000000002a960000)]
  0x000000001d4c5800 JavaThread "WorkerExecutor Queue Thread 10" [_thread_blocked, id=10824, stack(0x0000000029f60000,0x000000002a060000)]
  0x000000001d4c4000 JavaThread "WorkerExecutor Queue Thread 8" [_thread_blocked, id=10856, stack(0x0000000029d60000,0x0000000029e60000)]
  0x000000001d4c6800 JavaThread "WorkerExecutor Queue Thread 7" [_thread_blocked, id=14184, stack(0x0000000029c60000,0x0000000029d60000)]
  0x000000001d4c2000 JavaThread "WorkerExecutor Queue Thread 6" [_thread_blocked, id=4612, stack(0x0000000029b60000,0x0000000029c60000)]
  0x000000001d4c2800 JavaThread "WorkerExecutor Queue Thread 5" [_thread_blocked, id=1624, stack(0x0000000029a60000,0x0000000029b60000)]
  0x000000001d4bf800 JavaThread "WorkerExecutor Queue Thread 4" [_thread_blocked, id=14368, stack(0x0000000029960000,0x0000000029a60000)]
  0x000000001d4c1000 JavaThread "WorkerExecutor Queue Thread 3" [_thread_blocked, id=10328, stack(0x00000000263f0000,0x00000000264f0000)]
  0x000000001d65e800 JavaThread "stdout" [_thread_in_native, id=15476, stack(0x00000000266f0000,0x00000000267f0000)]
  0x000000001d65f800 JavaThread "stderr" [_thread_in_native, id=16932, stack(0x00000000265f0000,0x00000000266f0000)]
  0x000000001d65c800 JavaThread "pool-2-thread-1" [_thread_blocked, id=10516, stack(0x00000000264f0000,0x00000000265f0000)]
  0x000000001d662800 JavaThread "WorkerExecutor Queue" [_thread_blocked, id=10872, stack(0x00000000262f0000,0x00000000263f0000)]
  0x000000001d65b800 JavaThread "Cache worker for execution history cache (D:\ClientApp\.gradle\5.6.4\executionHistory)" [_thread_blocked, id=11496, stack(0x0000000025df0000,0x0000000025ef0000)]
  0x00000000202e8800 JavaThread "Execution worker for ':' Thread 7" [_thread_blocked, id=4696, stack(0x0000000025af0000,0x0000000025bf0000)]
  0x00000000202e5800 JavaThread "Execution worker for ':' Thread 6" [_thread_blocked, id=18012, stack(0x00000000259f0000,0x0000000025af0000)]
  0x00000000202e0800 JavaThread "Execution worker for ':' Thread 5" [_thread_blocked, id=9896, stack(0x0000000024660000,0x0000000024760000)]
  0x00000000202e5000 JavaThread "Execution worker for ':' Thread 4" [_thread_blocked, id=10540, stack(0x0000000024560000,0x0000000024660000)]
  0x00000000202e2000 JavaThread "Execution worker for ':' Thread 3" [_thread_blocked, id=8364, stack(0x0000000024460000,0x0000000024560000)]
  0x00000000202e3800 JavaThread "Execution worker for ':' Thread 2" [_thread_blocked, id=12572, stack(0x0000000024360000,0x0000000024460000)]
  0x00000000202e2800 JavaThread "Execution worker for ':'" [_thread_blocked, id=3400, stack(0x0000000023560000,0x0000000023660000)]
  0x00000000202e4000 JavaThread "Cache worker for file content cache (D:\ClientApp\.gradle\5.6.4\fileContent)" [_thread_blocked, id=16704, stack(0x0000000024010000,0x0000000024110000)]
  0x00000000202da800 JavaThread "Cache worker for file content cache (C:\Users\yadanar moe\.gradle\caches\5.6.4\fileContent)" [_thread_blocked, id=18400, stack(0x0000000023f10000,0x0000000024010000)]
  0x00000000202df800 JavaThread "Memory manager" [_thread_blocked, id=8240, stack(0x0000000023310000,0x0000000023410000)]
  0x00000000202d9800 JavaThread "Cache worker for Build Output Cleanup Cache (D:\ClientApp\.gradle\buildOutputCleanup)" [_thread_blocked, id=10400, stack(0x0000000023460000,0x0000000023560000)]
  0x00000000202dc000 JavaThread "Build operations Thread 8" [_thread_blocked, id=1616, stack(0x0000000022e10000,0x0000000022f10000)]
  0x00000000202dc800 JavaThread "Build operations Thread 7" [_thread_blocked, id=16436, stack(0x0000000022d10000,0x0000000022e10000)]
  0x0000000020029000 JavaThread "Build operations Thread 6" [_thread_blocked, id=8684, stack(0x0000000022c10000,0x0000000022d10000)]
  0x000000002002f800 JavaThread "Build operations Thread 5" [_thread_blocked, id=12568, stack(0x0000000022b10000,0x0000000022c10000)]
  0x000000002002f000 JavaThread "Build operations Thread 4" [_thread_blocked, id=14084, stack(0x0000000022a10000,0x0000000022b10000)]
  0x000000002002e000 JavaThread "Build operations Thread 3" [_thread_blocked, id=17440, stack(0x0000000022910000,0x0000000022a10000)]
  0x000000002002d800 JavaThread "Build operations Thread 2" [_thread_blocked, id=11304, stack(0x0000000022810000,0x0000000022910000)]
  0x000000002002c000 JavaThread "Build operations" [_thread_blocked, id=2256, stack(0x0000000022710000,0x0000000022810000)]
  0x000000002002b000 JavaThread "Cache worker for execution history cache (C:\Users\yadanar moe\.gradle\caches\5.6.4\executionHistory)" [_thread_blocked, id=16376, stack(0x0000000021fc0000,0x00000000220c0000)]
  0x000000002002a800 JavaThread "Cache worker for cache directory md-rule (C:\Users\yadanar moe\.gradle\caches\5.6.4\md-rule)" [_thread_blocked, id=12792, stack(0x0000000021ec0000,0x0000000021fc0000)]
  0x0000000020029800 JavaThread "Cache worker for cache directory md-supplier (C:\Users\yadanar moe\.gradle\caches\5.6.4\md-supplier)" [_thread_blocked, id=7160, stack(0x0000000021b80000,0x0000000021c80000)]
  0x0000000017edf800 JavaThread "Cache worker for file hash cache (D:\ClientApp\.gradle\5.6.4\fileHashes)" [_thread_blocked, id=16272, stack(0x000000001ddc0000,0x000000001dec0000)]
  0x0000000017ee4000 JavaThread "Cache worker for journal cache (C:\Users\yadanar moe\.gradle\caches\journal-1)" [_thread_blocked, id=16512, stack(0x000000001ccf0000,0x000000001cdf0000)]
  0x0000000017ee0000 JavaThread "File lock request listener" [_thread_in_native, id=16556, stack(0x000000001cbf0000,0x000000001ccf0000)]
  0x000000001afa3000 JavaThread "Cache worker for file hash cache (C:\Users\yadanar moe\.gradle\caches\5.6.4\fileHashes)" [_thread_blocked, id=9276, stack(0x000000001caf0000,0x000000001cbf0000)]
  0x000000001ac95000 JavaThread "Thread-9" [_thread_blocked, id=13968, stack(0x000000001c7f0000,0x000000001c8f0000)]
  0x000000001ac94000 JavaThread "Stdin handler" [_thread_blocked, id=17320, stack(0x000000001c6f0000,0x000000001c7f0000)]
  0x000000001ac91800 JavaThread "Asynchronous log dispatcher for DefaultDaemonConnection: socket connection from /127.0.0.1:54955 to /127.0.0.1:54956" [_thread_blocked, id=1500, stack(0x000000001c4f0000,0x000000001c5f0000)]
  0x000000001ad03000 JavaThread "Daemon worker" [_thread_blocked, id=412, stack(0x000000001c3f0000,0x000000001c4f0000)]
  0x000000001ad05800 JavaThread "Cancel handler" [_thread_blocked, id=15692, stack(0x000000001c2f0000,0x000000001c3f0000)]
  0x000000001a931800 JavaThread "Handler for socket connection from /127.0.0.1:54955 to /127.0.0.1:54956" [_thread_in_native, id=2704, stack(0x000000001bff0000,0x000000001c0f0000)]
  0x000000001a921000 JavaThread "Daemon" [_thread_blocked, id=12856, stack(0x000000001bef0000,0x000000001bff0000)]
  0x000000001ac8b800 JavaThread "Daemon periodic checks" [_thread_blocked, id=2920, stack(0x000000001bdf0000,0x000000001bef0000)]
  0x000000001a968000 JavaThread "Incoming local TCP Connector on port 54955" [_thread_in_native, id=11904, stack(0x000000001bbb0000,0x000000001bcb0000)]
  0x000000001aa62800 JavaThread "Daemon health stats" [_thread_blocked, id=18288, stack(0x000000001a570000,0x000000001a670000)]
  0x0000000017f72800 JavaThread "Service Thread" daemon [_thread_blocked, id=12332, stack(0x0000000018ba0000,0x0000000018ca0000)]
  0x0000000017ede000 JavaThread "C1 CompilerThread3" daemon [_thread_blocked, id=14444, stack(0x0000000018aa0000,0x0000000018ba0000)]
  0x0000000017eda000 JavaThread "C2 CompilerThread2" daemon [_thread_in_native, id=9832, stack(0x00000000189a0000,0x0000000018aa0000)]
=>0x0000000017ed1000 JavaThread "C2 CompilerThread1" daemon [_thread_in_native, id=636, stack(0x00000000188a0000,0x00000000189a0000)]
  0x0000000017ecb000 JavaThread "C2 CompilerThread0" daemon [_thread_in_native, id=14052, stack(0x00000000187a0000,0x00000000188a0000)]
  0x0000000017ec9000 JavaThread "Attach Listener" daemon [_thread_blocked, id=14400, stack(0x00000000186a0000,0x00000000187a0000)]
  0x0000000017ec6000 JavaThread "Signal Dispatcher" daemon [_thread_blocked, id=3200, stack(0x00000000185a0000,0x00000000186a0000)]
  0x0000000017ec1800 JavaThread "Finalizer" daemon [_thread_blocked, id=13016, stack(0x00000000183a0000,0x00000000184a0000)]
  0x0000000017ec0800 JavaThread "Reference Handler" daemon [_thread_blocked, id=9660, stack(0x00000000182a0000,0x00000000183a0000)]
  0x00000000021f2800 JavaThread "main" [_thread_blocked, id=8180, stack(0x00000000020f0000,0x00000000021f0000)]

Other Threads:
  0x00000000160a8800 VMThread [stack: 0x0000000017da0000,0x0000000017ea0000] [id=4860]
  0x0000000017f73000 WatcherThread [stack: 0x0000000018ca0000,0x0000000018da0000] [id=15220]

VM state:not at safepoint (normal execution)

VM Mutex/Monitor currently owned by a thread: None

heap address: 0x00000000a0000000, size: 1536 MB, Compressed Oops mode: 32-bit
Narrow klass base: 0x0000000000000000, Narrow klass shift: 3
Compressed class space size: 1073741824 Address: 0x0000000100000000

Heap:
 PSYoungGen      total 205824K, used 102857K [0x00000000e0000000, 0x00000000f4a80000, 0x0000000100000000)
  eden space 156672K, 62% used [0x00000000e0000000,0x00000000e5feb960,0x00000000e9900000)
  from space 49152K, 9% used [0x00000000e9900000,0x00000000e9d86d20,0x00000000ec900000)
  to   space 74240K, 0% used [0x00000000f0200000,0x00000000f0200000,0x00000000f4a80000)
 ParOldGen       total 153088K, used 152895K [0x00000000a0000000, 0x00000000a9580000, 0x00000000e0000000)
  object space 153088K, 99% used [0x00000000a0000000,0x00000000a954fef0,0x00000000a9580000)
 Metaspace       used 73083K, capacity 76056K, committed 78336K, reserved 1116160K
  class space    used 9899K, capacity 10486K, committed 11008K, reserved 1048576K

Card table byte_map: [0x00000000116b0000,0x00000000119c0000] byte_map_base: 0x00000000111b0000

Marking Bits: (ParMarkBitMap*) 0x0000000063869f30
 Begin Bits: [0x00000000123c0000, 0x0000000013bc0000)
 End Bits:   [0x0000000013bc0000, 0x00000000153c0000)

Polling page: 0x0000000002030000

CodeCache: size=245760Kb used=31781Kb max_used=31781Kb free=213978Kb
 bounds [0x00000000022f0000, 0x0000000004220000, 0x00000000112f0000]
 total_blobs=10996 nmethods=10160 adapters=748
 compilation: enabled

Compilation events (10 events):
Event: 30.579 Thread 0x0000000017eda000 nmethod 12099 0x00000000042154d0 code [0x0000000004215740, 0x0000000004216700]
Event: 30.579 Thread 0x0000000017eda000 12097       4       com.android.tools.r8.v.a.a.a.h.M::a (281 bytes)
Event: 30.588 Thread 0x0000000017eda000 nmethod 12097 0x0000000004217910 code [0x0000000004217aa0, 0x0000000004217fd8]
Event: 30.588 Thread 0x0000000017eda000 12092       4       com.android.tools.r8.graph.J::computeEquals (55 bytes)
Event: 30.597 Thread 0x0000000017eda000 nmethod 12092 0x0000000004218510 code [0x0000000004218660, 0x0000000004218b58]
Event: 30.597 Thread 0x0000000017eda000 12101       4       com.android.tools.r8.graph.S::collectMixedSectionItems (6 bytes)
Event: 30.600 Thread 0x0000000017ede000 12102 %     3       com.android.tools.r8.v.a.a.a.h.P0::g @ 112 (325 bytes)
Event: 30.601 Thread 0x0000000017ede000 nmethod 12102% 0x0000000004218f10 code [0x0000000004219180, 0x000000000421a258]
Event: 30.610 Thread 0x0000000017ede000 12106       2       com.android.tools.r8.v.a.a.a.h.M::g (325 bytes)
Event: 30.611 Thread 0x0000000017ede000 nmethod 12106 0x00000000041ea010 code [0x00000000041ea200, 0x00000000041eaad8]

GC Heap History (10 events):
Event: 25.498 GC heap before
{Heap before GC invocations=17 (full 3):
 PSYoungGen      total 164864K, used 158167K [0x00000000e0000000, 0x00000000ec680000, 0x0000000100000000)
  eden space 146432K, 100% used [0x00000000e0000000,0x00000000e8f00000,0x00000000e8f00000)
  from space 18432K, 63% used [0x00000000e8f00000,0x00000000e9a75f30,0x00000000ea100000)
  to   space 18432K, 0% used [0x00000000eb480000,0x00000000eb480000,0x00000000ec680000)
 ParOldGen       total 153088K, used 36116K [0x00000000a0000000, 0x00000000a9580000, 0x00000000e0000000)
  object space 153088K, 23% used [0x00000000a0000000,0x00000000a23451c0,0x00000000a9580000)
 Metaspace       used 64257K, capacity 67112K, committed 67328K, reserved 1107968K
  class space    used 8800K, capacity 9396K, committed 9472K, reserved 1048576K
Event: 25.518 GC heap after
Heap after GC invocations=17 (full 3):
 PSYoungGen      total 179712K, used 18431K [0x00000000e0000000, 0x00000000ecd00000, 0x0000000100000000)
  eden space 161280K, 0% used [0x00000000e0000000,0x00000000e0000000,0x00000000e9d80000)
  from space 18432K, 99% used [0x00000000eb480000,0x00000000ec67fe70,0x00000000ec680000)
  to   space 23552K, 0% used [0x00000000e9d80000,0x00000000e9d80000,0x00000000eb480000)
 ParOldGen       total 153088K, used 43977K [0x00000000a0000000, 0x00000000a9580000, 0x00000000e0000000)
  object space 153088K, 28% used [0x00000000a0000000,0x00000000a2af25d0,0x00000000a9580000)
 Metaspace       used 64257K, capacity 67112K, committed 67328K, reserved 1107968K
  class space    used 8800K, capacity 9396K, committed 9472K, reserved 1048576K
}
Event: 27.447 GC heap before
{Heap before GC invocations=18 (full 3):
 PSYoungGen      total 179712K, used 179711K [0x00000000e0000000, 0x00000000ecd00000, 0x0000000100000000)
  eden space 161280K, 100% used [0x00000000e0000000,0x00000000e9d80000,0x00000000e9d80000)
  from space 18432K, 99% used [0x00000000eb480000,0x00000000ec67fe70,0x00000000ec680000)
  to   space 23552K, 0% used [0x00000000e9d80000,0x00000000e9d80000,0x00000000eb480000)
 ParOldGen       total 153088K, used 43977K [0x00000000a0000000, 0x00000000a9580000, 0x00000000e0000000)
  object space 153088K, 28% used [0x00000000a0000000,0x00000000a2af25d0,0x00000000a9580000)
 Metaspace       used 72568K, capacity 76764K, committed 76928K, reserved 1116160K
  class space    used 9993K, capacity 10816K, committed 10880K, reserved 1048576K
Event: 27.465 GC heap after
Heap after GC invocations=18 (full 3):
 PSYoungGen      total 184832K, used 23549K [0x00000000e0000000, 0x00000000ee380000, 0x0000000100000000)
  eden space 161280K, 0% used [0x00000000e0000000,0x00000000e0000000,0x00000000e9d80000)
  from space 23552K, 99% used [0x00000000e9d80000,0x00000000eb47f4b0,0x00000000eb480000)
  to   space 27136K, 0% used [0x00000000ec900000,0x00000000ec900000,0x00000000ee380000)
 ParOldGen       total 153088K, used 44867K [0x00000000a0000000, 0x00000000a9580000, 0x00000000e0000000)
  object space 153088K, 29% used [0x00000000a0000000,0x00000000a2bd0d60,0x00000000a9580000)
 Metaspace       used 72568K, capacity 76764K, committed 76928K, reserved 1116160K
  class space    used 9993K, capacity 10816K, committed 10880K, reserved 1048576K
}
Event: 28.356 GC heap before
{Heap before GC invocations=19 (full 3):
 PSYoungGen      total 184832K, used 184829K [0x00000000e0000000, 0x00000000ee380000, 0x0000000100000000)
  eden space 161280K, 100% used [0x00000000e0000000,0x00000000e9d80000,0x00000000e9d80000)
  from space 23552K, 99% used [0x00000000e9d80000,0x00000000eb47f4b0,0x00000000eb480000)
  to   space 27136K, 0% used [0x00000000ec900000,0x00000000ec900000,0x00000000ee380000)
 ParOldGen       total 153088K, used 44867K [0x00000000a0000000, 0x00000000a9580000, 0x00000000e0000000)
  object space 153088K, 29% used [0x00000000a0000000,0x00000000a2bd0d60,0x00000000a9580000)
 Metaspace       used 73830K, capacity 78136K, committed 78336K, reserved 1116160K
  class space    used 10181K, capacity 10984K, committed 11008K, reserved 1048576K
Event: 28.407 GC heap after
Heap after GC invocations=19 (full 3):
 PSYoungGen      total 183808K, used 27117K [0x00000000e0000000, 0x00000000f1a80000, 0x0000000100000000)
  eden space 156672K, 0% used [0x00000000e0000000,0x00000000e0000000,0x00000000e9900000)
  from space 27136K, 99% used [0x00000000ec900000,0x00000000ee37b628,0x00000000ee380000)
  to   space 49152K, 0% used [0x00000000e9900000,0x00000000e9900000,0x00000000ec900000)
 ParOldGen       total 153088K, used 93821K [0x00000000a0000000, 0x00000000a9580000, 0x00000000e0000000)
  object space 153088K, 61% used [0x00000000a0000000,0x00000000a5b9f738,0x00000000a9580000)
 Metaspace       used 73830K, capacity 78136K, committed 78336K, reserved 1116160K
  class space    used 10181K, capacity 10984K, committed 11008K, reserved 1048576K
}
Event: 28.979 GC heap before
{Heap before GC invocations=20 (full 3):
 PSYoungGen      total 183808K, used 183789K [0x00000000e0000000, 0x00000000f1a80000, 0x0000000100000000)
  eden space 156672K, 100% used [0x00000000e0000000,0x00000000e9900000,0x00000000e9900000)
  from space 27136K, 99% used [0x00000000ec900000,0x00000000ee37b628,0x00000000ee380000)
  to   space 49152K, 0% used [0x00000000e9900000,0x00000000e9900000,0x00000000ec900000)
 ParOldGen       total 153088K, used 93821K [0x00000000a0000000, 0x00000000a9580000, 0x00000000e0000000)
  object space 153088K, 61% used [0x00000000a0000000,0x00000000a5b9f738,0x00000000a9580000)
 Metaspace       used 73894K, capacity 78212K, committed 78336K, reserved 1116160K
  class space    used 10181K, capacity 10984K, committed 11008K, reserved 1048576K
Event: 29.077 GC heap after
Heap after GC invocations=20 (full 3):
 PSYoungGen      total 205824K, used 49120K [0x00000000e0000000, 0x00000000f4a80000, 0x0000000100000000)
  eden space 156672K, 0% used [0x00000000e0000000,0x00000000e0000000,0x00000000e9900000)
  from space 49152K, 99% used [0x00000000e9900000,0x00000000ec8f8380,0x00000000ec900000)
  to   space 74240K, 0% used [0x00000000f0200000,0x00000000f0200000,0x00000000f4a80000)
 ParOldGen       total 153088K, used 139535K [0x00000000a0000000, 0x00000000a9580000, 0x00000000e0000000)
  object space 153088K, 91% used [0x00000000a0000000,0x00000000a8843c48,0x00000000a9580000)
 Metaspace       used 73894K, capacity 78212K, committed 78336K, reserved 1116160K
  class space    used 10181K, capacity 10984K, committed 11008K, reserved 1048576K
}
Event: 29.077 GC heap before
{Heap before GC invocations=21 (full 4):
 PSYoungGen      total 205824K, used 49120K [0x00000000e0000000, 0x00000000f4a80000, 0x0000000100000000)
  eden space 156672K, 0% used [0x00000000e0000000,0x00000000e0000000,0x00000000e9900000)
  from space 49152K, 99% used [0x00000000e9900000,0x00000000ec8f8380,0x00000000ec900000)
  to   space 74240K, 0% used [0x00000000f0200000,0x00000000f0200000,0x00000000f4a80000)
 ParOldGen       total 153088K, used 139535K [0x00000000a0000000, 0x00000000a9580000, 0x00000000e0000000)
  object space 153088K, 91% used [0x00000000a0000000,0x00000000a8843c48,0x00000000a9580000)
 Metaspace       used 73894K, capacity 78212K, committed 78336K, reserved 1116160K
  class space    used 10181K, capacity 10984K, committed 11008K, reserved 1048576K
Event: 29.777 GC heap after
Heap after GC invocations=21 (full 4):
 PSYoungGen      total 205824K, used 4635K [0x00000000e0000000, 0x00000000f4a80000, 0x0000000100000000)
  eden space 156672K, 0% used [0x00000000e0000000,0x00000000e0000000,0x00000000e9900000)
  from space 49152K, 9% used [0x00000000e9900000,0x00000000e9d86d20,0x00000000ec900000)
  to   space 74240K, 0% used [0x00000000f0200000,0x00000000f0200000,0x00000000f4a80000)
 ParOldGen       total 153088K, used 152895K [0x00000000a0000000, 0x00000000a9580000, 0x00000000e0000000)
  object space 153088K, 99% used [0x00000000a0000000,0x00000000a954fef0,0x00000000a9580000)
 Metaspace       used 73064K, capacity 75988K, committed 78336K, reserved 1116160K
  class space    used 9899K, capacity 10486K, committed 11008K, reserved 1048576K
}

Deoptimization events (10 events):
Event: 30.242 Thread 0x000000001d4c5800 Uncommon trap: reason=class_check action=maybe_recompile pc=0x00000000041ce164 method=com.android.tools.r8.graph.V.a(Ljava/util/Collection;Lcom/android/tools/r8/naming/H;)V @ 40
Event: 30.243 Thread 0x000000001d4c5800 Uncommon trap: reason=class_check action=maybe_recompile pc=0x00000000041ce164 method=com.android.tools.r8.graph.V.a(Ljava/util/Collection;Lcom/android/tools/r8/naming/H;)V @ 40
Event: 30.285 Thread 0x000000001d4c5800 Uncommon trap: reason=bimorphic action=maybe_recompile pc=0x00000000041d65b8 method=com.android.tools.r8.graph.V.a(Ljava/util/Collection;Lcom/android/tools/r8/naming/H;)V @ 48
Event: 30.286 Thread 0x000000001d4c5800 Uncommon trap: reason=unstable_if action=reinterpret pc=0x00000000041d17c4 method=java.util.concurrent.ConcurrentHashMap$Traverser.advance()Ljava/util/concurrent/ConcurrentHashMap$Node; @ 84
Event: 30.344 Thread 0x000000001d4c5800 Uncommon trap: reason=bimorphic action=maybe_recompile pc=0x00000000041d65b8 method=com.android.tools.r8.graph.V.a(Ljava/util/Collection;Lcom/android/tools/r8/naming/H;)V @ 48
Event: 30.503 Thread 0x000000001d4c8800 Uncommon trap: reason=unstable_if action=reinterpret pc=0x00000000041e1a30 method=com.android.tools.r8.graph.G0.g()Z @ 5
Event: 30.504 Thread 0x000000001d4c8800 Uncommon trap: reason=unstable_if action=reinterpret pc=0x0000000003590fcc method=com.android.tools.r8.graph.u.equals(Ljava/lang/Object;)Z @ 27
Event: 30.505 Thread 0x000000001d4c8800 Uncommon trap: reason=unstable_if action=reinterpret pc=0x0000000004015ff8 method=com.android.tools.r8.graph.u.equals(Ljava/lang/Object;)Z @ 27
Event: 30.512 Thread 0x000000001d4c8800 Uncommon trap: reason=unstable_if action=reinterpret pc=0x0000000002f5c2e8 method=java.util.Arrays.equals([Ljava/lang/Object;[Ljava/lang/Object;)Z @ 47
Event: 30.521 Thread 0x000000001d4c8800 Uncommon trap: reason=null_check action=make_not_entrant pc=0x0000000003a2338c method=com.android.tools.r8.graph.d0.computeEquals(Ljava/lang/Object;)Z @ 1

Classes redefined (0 events):
No events

Internal exceptions (10 events):
Event: 27.671 Thread 0x000000001d4c2000 Exception <a 'sun/nio/fs/WindowsException'> (0x00000000e0f48ee0) thrown at [D:\src\AOSP-openjdk-cygwin\jdk8u\hotspot\src\share\vm\prims\jni.cpp, line 710]
Event: 27.823 Thread 0x000000001d4c8000 Implicit null exception at 0x0000000002c4cbef to 0x0000000002c4cce1
Event: 27.823 Thread 0x000000001d4cb000 Implicit null exception at 0x0000000002c4cbef to 0x0000000002c4cce1
Event: 27.823 Thread 0x000000001d4ce800 Implicit null exception at 0x0000000002c4cbef to 0x0000000002c4cce1
Event: 27.823 Thread 0x000000001d4c9800 Implicit null exception at 0x0000000002c4cbef to 0x0000000002c4cce1
Event: 27.823 Thread 0x000000001d4cb800 Implicit null exception at 0x0000000002c4cbef to 0x0000000002c4cce1
Event: 27.823 Thread 0x000000001d4cc800 Implicit null exception at 0x0000000002c4cbef to 0x0000000002c4cce1
Event: 27.991 Thread 0x000000001d4ca000 Exception <a 'sun/nio/fs/WindowsException'> (0x00000000e39f8d58) thrown at [D:\src\AOSP-openjdk-cygwin\jdk8u\hotspot\src\share\vm\prims\jni.cpp, line 710]
Event: 28.025 Thread 0x000000001d4c5800 Exception <a 'sun/nio/fs/WindowsException'> (0x00000000e3cbfbb8) thrown at [D:\src\AOSP-openjdk-cygwin\jdk8u\hotspot\src\share\vm\prims\jni.cpp, line 710]
Event: 30.521 Thread 0x000000001d4c8800 Implicit null exception at 0x0000000003a2320f to 0x0000000003a2337d

Events (10 events):
Event: 30.512 Thread 0x000000001d4c8800 DEOPT UNPACKING pc=0x000000000233557b sp=0x000000002ab5e408 mode 2
Event: 30.521 Thread 0x000000001d4c8800 Uncommon trap: trap_request=0xfffffff4 fr.pc=0x0000000003a2338c
Event: 30.521 Thread 0x000000001d4c8800 DEOPT PACKING pc=0x0000000003a2338c sp=0x000000002ab5e420
Event: 30.521 Thread 0x000000001d4c8800 DEOPT UNPACKING pc=0x000000000233557b sp=0x000000002ab5e3b8 mode 2
Event: 30.544 Thread 0x000000001d4cb800 DEOPT PACKING pc=0x0000000003db2584 sp=0x000000002af5e7f0
Event: 30.544 Thread 0x000000001d4cb800 DEOPT UNPACKING pc=0x00000000023375d0 sp=0x000000002af5e520 mode 0
Event: 30.547 Thread 0x000000001d4cb800 DEOPT PACKING pc=0x00000000033bbd81 sp=0x000000002af5e9b0
Event: 30.547 Thread 0x000000001d4cb800 DEOPT UNPACKING pc=0x00000000023375d0 sp=0x000000002af5e7c8 mode 0
Event: 30.586 Thread 0x000000001d4cb800 DEOPT PACKING pc=0x00000000033bbd81 sp=0x000000002af5e9d0
Event: 30.586 Thread 0x000000001d4cb800 DEOPT UNPACKING pc=0x00000000023375d0 sp=0x000000002af5e7e8 mode 0


Dynamic libraries:
0x00007ff6bcd30000 - 0x00007ff6bcd61000 	C:\Program Files\Android\Android Studio\jre\bin\java.exe
0x00007ff831ea0000 - 0x00007ff832090000 	C:\WINDOWS\SYSTEM32\ntdll.dll
0x00007ffffdba0000 - 0x00007ffffdbb3000 	C:\Program Files\AVG\Antivirus\aswhook.dll
0x00007ff830fb0000 - 0x00007ff831062000 	C:\WINDOWS\System32\KERNEL32.DLL
0x00007ff82f420000 - 0x00007ff82f6c4000 	C:\WINDOWS\System32\KERNELBASE.dll
0x00007ff830a20000 - 0x00007ff830ac3000 	C:\WINDOWS\System32\ADVAPI32.dll
0x00007ff830e50000 - 0x00007ff830eee000 	C:\WINDOWS\System32\msvcrt.dll
0x00007ff830f10000 - 0x00007ff830fa7000 	C:\WINDOWS\System32\sechost.dll
0x00007ff831a00000 - 0x00007ff831b20000 	C:\WINDOWS\System32\RPCRT4.dll
0x00007ff830b60000 - 0x00007ff830cf4000 	C:\WINDOWS\System32\USER32.dll
0x00007ff82f7a0000 - 0x00007ff82f7c1000 	C:\WINDOWS\System32\win32u.dll
0x00007ff831310000 - 0x00007ff831336000 	C:\WINDOWS\System32\GDI32.dll
0x00007ff82f280000 - 0x00007ff82f414000 	C:\WINDOWS\System32\gdi32full.dll
0x00007ff82efe0000 - 0x00007ff82f07e000 	C:\WINDOWS\System32\msvcp_win.dll
0x00007ff82f080000 - 0x00007ff82f17a000 	C:\WINDOWS\System32\ucrtbase.dll
0x00007ff81ee30000 - 0x00007ff81f0b4000 	C:\WINDOWS\WinSxS\amd64_microsoft.windows.common-controls_6595b64144ccf1df_6.0.18362.836_none_e6c4b943130f18ed\COMCTL32.dll
0x00007ff831b20000 - 0x00007ff831e56000 	C:\WINDOWS\System32\combase.dll
0x00007ff82f720000 - 0x00007ff82f7a0000 	C:\WINDOWS\System32\bcryptPrimitives.dll
0x00007ff8319d0000 - 0x00007ff8319fe000 	C:\WINDOWS\System32\IMM32.DLL
0x0000000062ee0000 - 0x0000000062fb2000 	C:\Program Files\Android\Android Studio\jre\jre\bin\msvcr100.dll
0x00000000630a0000 - 0x00000000638e6000 	C:\Program Files\Android\Android Studio\jre\jre\bin\server\jvm.dll
0x00007ff830ef0000 - 0x00007ff830ef8000 	C:\WINDOWS\System32\PSAPI.DLL
0x00007ff819f60000 - 0x00007ff819f69000 	C:\WINDOWS\SYSTEM32\WSOCK32.dll
0x00007ff830ad0000 - 0x00007ff830b3f000 	C:\WINDOWS\System32\WS2_32.dll
0x00007ff82c180000 - 0x00007ff82c1a4000 	C:\WINDOWS\SYSTEM32\WINMM.dll
0x00007ff81f550000 - 0x00007ff81f55a000 	C:\WINDOWS\SYSTEM32\VERSION.dll
0x00007ff82bf70000 - 0x00007ff82bf9d000 	C:\WINDOWS\SYSTEM32\WINMMBASE.dll
0x00007ff82f180000 - 0x00007ff82f1ca000 	C:\WINDOWS\System32\cfgmgr32.dll
0x00007ff827620000 - 0x00007ff82762f000 	C:\Program Files\Android\Android Studio\jre\jre\bin\verify.dll
0x00007ff825ec0000 - 0x00007ff825ee9000 	C:\Program Files\Android\Android Studio\jre\jre\bin\java.dll
0x00007ff8275d0000 - 0x00007ff8275e6000 	C:\Program Files\Android\Android Studio\jre\jre\bin\zip.dll
0x00007ff830100000 - 0x00007ff8307e4000 	C:\WINDOWS\System32\SHELL32.dll
0x00007ff830970000 - 0x00007ff830a19000 	C:\WINDOWS\System32\shcore.dll
0x00007ff82f7d0000 - 0x00007ff82ff4e000 	C:\WINDOWS\System32\windows.storage.dll
0x00007ff82ede0000 - 0x00007ff82ee03000 	C:\WINDOWS\System32\profapi.dll
0x00007ff82ed90000 - 0x00007ff82edda000 	C:\WINDOWS\System32\powrprof.dll
0x00007ff82ed60000 - 0x00007ff82ed70000 	C:\WINDOWS\System32\UMPDC.dll
0x00007ff830850000 - 0x00007ff8308a2000 	C:\WINDOWS\System32\shlwapi.dll
0x00007ff82ee10000 - 0x00007ff82ee21000 	C:\WINDOWS\System32\kernel.appcore.dll
0x00007ff82f700000 - 0x00007ff82f717000 	C:\WINDOWS\System32\cryptsp.dll
0x00007ff825a50000 - 0x00007ff825a6a000 	C:\Program Files\Android\Android Studio\jre\jre\bin\net.dll
0x00007ff81c270000 - 0x00007ff81c446000 	C:\WINDOWS\SYSTEM32\urlmon.dll
0x00007ff81c450000 - 0x00007ff81c6f6000 	C:\WINDOWS\SYSTEM32\iertutil.dll
0x00007ff82e7a0000 - 0x00007ff82e7ac000 	C:\WINDOWS\SYSTEM32\CRYPTBASE.DLL
0x00007ff82e5d0000 - 0x00007ff82e637000 	C:\WINDOWS\system32\mswsock.dll
0x00007ff825a00000 - 0x00007ff825a13000 	C:\Program Files\Android\Android Studio\jre\jre\bin\nio.dll
0x00007ff8138f0000 - 0x00007ff813916000 	C:\Users\yadanar moe\.gradle\native\30\windows-amd64\native-platform.dll
0x00007ff827610000 - 0x00007ff82761d000 	C:\Program Files\Android\Android Studio\jre\jre\bin\management.dll
0x00007ff82e140000 - 0x00007ff82e173000 	C:\WINDOWS\system32\rsaenh.dll
0x00007ff82f6d0000 - 0x00007ff82f6f6000 	C:\WINDOWS\System32\bcrypt.dll
0x00007ff82ec50000 - 0x00007ff82ec75000 	C:\WINDOWS\SYSTEM32\USERENV.dll
0x00007ff82e2e0000 - 0x00007ff82e31a000 	C:\WINDOWS\SYSTEM32\IPHLPAPI.DLL
0x00007ff830960000 - 0x00007ff830968000 	C:\WINDOWS\System32\NSI.dll
0x00007ff81fcc0000 - 0x00007ff81fcd6000 	C:\WINDOWS\SYSTEM32\dhcpcsvc6.DLL
0x00007ff822230000 - 0x00007ff82224c000 	C:\WINDOWS\SYSTEM32\dhcpcsvc.DLL
0x00007ff82e320000 - 0x00007ff82e3eb000 	C:\WINDOWS\SYSTEM32\DNSAPI.dll

VM Arguments:
jvm_args: -Xmx1536m -Dfile.encoding=windows-1252 -Duser.country=SG -Duser.language=en -Duser.variant 
java_command: org.gradle.launcher.daemon.bootstrap.GradleDaemon 5.6.4
java_class_path (initial): C:\Users\yadanar moe\.gradle\wrapper\dists\gradle-5.6.4-all\ankdp27end7byghfw1q2sw75f\gradle-5.6.4\lib\gradle-launcher-5.6.4.jar
Launcher Type: SUN_STANDARD

Environment Variables:
JAVA_HOME=C:\Program Files\Java\jdk
PATH=C:\Program Files (x86)\Common Files\Oracle\Java\javapath;C:\ProgramData\Oracle\Java\javapath;C:\Program Files (x86)\Intel\Intel(R) Management Engine Components\iCLS\:C:\Program Files\Java\jdk-12.0.2\bin;C:\Program Files\Intel\Intel(R) Management Engine Components\iCLS\;C:\Windows\system32;C:\Windows;C:\Windows\System32\Wbem;C:\Windows\System32\WindowsPowerShell\v1.0\:C:\Program Files\Java\jdk\bin:C:\Program Files\Java\jre\bin;C:\Windows\System32\OpenSSH\;C:\Program Files (x86)\Intel\Intel(R) Management Engine Components\DAL;C:\Program Files\Intel\Intel(R) Management Engine Components\DAL;C:\Program Files (x86)\Intel\Intel(R) Management Engine Components\IPT;C:\Program Files\Intel\Intel(R) Management Engine Components\IPT;C:\Program Files (x86)\NVIDIA Corporation\PhysX\Common;C:\WINDOWS\system32;C:\WINDOWS;C:\WINDOWS\System32\Wbem;C:\WINDOWS\System32\WindowsPowerShell\v1.0\;C:\WINDOWS\System32\OpenSSH\;C:\Program Files\Git\cmd;C:\Program Files\Git\mingw64\bin;C:\Program Files\Git\usr\bin;C:\Program Files\Java\jdk1.8.0_221\bin;C:\Users\yadanar moe\AppData\Local\Microsoft\WindowsApps;;C:\Users\yadanar moe\AppData\Local\Programs\Microsoft VS Code\bin;C:\Program Files\JetBrains\PyCharm Community Edition 2019.3.1\bin;
USERNAME=yadanar moe
OS=Windows_NT
PROCESSOR_IDENTIFIER=Intel64 Family 6 Model 142 Stepping 10, GenuineIntel



---------------  S Y S T E M  ---------------

OS: Windows 10.0 , 64 bit Build 18362 (10.0.18362.778)

CPU:total 8 (initial active 8) (4 cores per cpu, 2 threads per core) family 6 model 142 stepping 10, cmov, cx8, fxsr, mmx, sse, sse2, sse3, ssse3, sse4.1, sse4.2, popcnt, avx, avx2, aes, clmul, erms, 3dnowpref, lzcnt, ht, tsc, tscinvbit, bmi1, bmi2, adx

Memory: 4k page, physical 8270048k(1041048k free), swap 33435872k(576k free)

vm_info: OpenJDK 64-Bit Server VM (25.212-b04) for windows-amd64 JRE (1.8.0_212-release-1586-b04), built by "builder" with MS VC++ 10.0 (VS2010)

time: Sat Jun 06 03:57:55 2020
timezone: Malay Peninsula Standard Time
elapsed time: 30 seconds (0d 0h 0m 30s)

