#
# There is insufficient memory for the Java Runtime Environment to continue.
# Native memory allocation (malloc) failed to allocate 1238960 bytes for Chunk::new
# Possible reasons:
#   The system is out of physical RAM or swap space
#   The process is running with CompressedOops enabled, and the Java Heap may be blocking the growth of the native heap
# Possible solutions:
#   Reduce memory load on the system
#   Increase physical memory or swap space
#   Check if swap backing store is full
#   Decrease Java heap size (-Xmx/-Xms)
#   Decrease number of Java threads
#   Decrease Java thread stack sizes (-Xss)
#   Set larger code cache with -XX:ReservedCodeCacheSize=
#   JVM is running with Unscaled Compressed Oops mode in which the Java heap is
#     placed in the first 4GB address space. The Java Heap base address is the
#     maximum limit for the native heap growth. Please use -XX:HeapBaseMinAddress
#     to set the Java Heap base and to place the Java Heap above 4GB virtual address.
# This output file may be truncated or incomplete.
#
#  Out of Memory Error (allocation.cpp:389), pid=440, tid=0x0000000000001364
#
# JRE version: OpenJDK Runtime Environment (8.0_212-b04) (build 1.8.0_212-release-1586-b04)
# Java VM: OpenJDK 64-Bit Server VM (25.212-b04 mixed mode windows-amd64 compressed oops)
# Failed to write core dump. Minidumps are not enabled by default on client versions of Windows
#

---------------  T H R E A D  ---------------

Current thread (0x00000000187a9800):  JavaThread "C2 CompilerThread2" daemon [_thread_in_native, id=4964, stack(0x0000000019270000,0x0000000019370000)]

Stack: [0x0000000019270000,0x0000000019370000]
[error occurred during error reporting (printing stack bounds), id 0xc0000005]

Native frames: (J=compiled Java code, j=interpreted, Vv=VM code, C=native code)


Current CompileTask:
C2:3703412 18033       4       java.io.ObjectOutputStream::writeClassDesc (60 bytes)


---------------  P R O C E S S  ---------------

Java Threads: ( => current thread )
  0x000000001e2c0800 JavaThread "Cache worker for execution history cache (D:\ClientApp\.gradle\5.6.4\executionHistory)" [_thread_blocked, id=6324, stack(0x00000000277e0000,0x00000000278e0000)]
  0x000000001e2c1000 JavaThread "Execution worker for ':' Thread 7" [_thread_in_native, id=7292, stack(0x0000000027480000,0x0000000027580000)]
  0x000000001e2bc000 JavaThread "Execution worker for ':' Thread 6" [_thread_in_native, id=9048, stack(0x0000000027380000,0x0000000027480000)]
  0x000000001e2bc800 JavaThread "Execution worker for ':' Thread 5" [_thread_blocked, id=5668, stack(0x0000000027280000,0x0000000027380000)]
  0x000000001e2bf800 JavaThread "Execution worker for ':' Thread 4" [_thread_in_native, id=3020, stack(0x0000000026d80000,0x0000000026e80000)]
  0x000000001e2b3800 JavaThread "Execution worker for ':' Thread 3" [_thread_in_native, id=6848, stack(0x0000000026b80000,0x0000000026c80000)]
  0x000000001e2b7800 JavaThread "Execution worker for ':' Thread 2" [_thread_blocked, id=13568, stack(0x0000000026880000,0x0000000026980000)]
  0x000000001e2b6000 JavaThread "Execution worker for ':'" [_thread_blocked, id=6328, stack(0x0000000026780000,0x0000000026880000)]
  0x000000001e2ba800 JavaThread "Cache worker for file content cache (D:\ClientApp\.gradle\5.6.4\fileContent)" [_thread_blocked, id=13728, stack(0x0000000026680000,0x0000000026780000)]
  0x000000001e2b9800 JavaThread "Cache worker for Build Output Cleanup Cache (D:\ClientApp\.gradle\buildOutputCleanup)" [_thread_blocked, id=7088, stack(0x0000000026580000,0x0000000026680000)]
  0x000000001e2b6800 JavaThread "Build operations Thread 8" [_thread_blocked, id=5912, stack(0x0000000025a30000,0x0000000025b30000)]
  0x000000001e2b4800 JavaThread "Build operations Thread 7" [_thread_blocked, id=11716, stack(0x0000000025650000,0x0000000025750000)]
  0x000000001e2b9000 JavaThread "Build operations Thread 6" [_thread_blocked, id=15328, stack(0x0000000025320000,0x0000000025420000)]
  0x0000000020b07800 JavaThread "Build operations Thread 5" [_thread_blocked, id=7828, stack(0x0000000024a20000,0x0000000024b20000)]
  0x0000000020b07000 JavaThread "Build operations Thread 4" [_thread_blocked, id=14412, stack(0x0000000024320000,0x0000000024420000)]
  0x0000000020b06000 JavaThread "Build operations Thread 3" [_thread_blocked, id=7488, stack(0x00000000231c0000,0x00000000232c0000)]
  0x0000000020b04800 JavaThread "Build operations Thread 2" [_thread_blocked, id=15516, stack(0x00000000230c0000,0x00000000231c0000)]
  0x0000000020b0a800 JavaThread "Build operations" [_thread_blocked, id=16660, stack(0x0000000022fc0000,0x00000000230c0000)]
  0x0000000020afe000 JavaThread "Cache worker for cache directory md-rule (C:\Users\yadanar moe\.gradle\caches\5.6.4\md-rule)" [_thread_blocked, id=17588, stack(0x0000000022ec0000,0x0000000022fc0000)]
  0x0000000020b04000 JavaThread "Cache worker for cache directory md-supplier (C:\Users\yadanar moe\.gradle\caches\5.6.4\md-supplier)" [_thread_blocked, id=16088, stack(0x0000000022dc0000,0x0000000022ec0000)]
  0x0000000020b01800 JavaThread "Cache worker for file hash cache (D:\ClientApp\.gradle\5.6.4\fileHashes)" [_thread_blocked, id=19036, stack(0x0000000022cc0000,0x0000000022dc0000)]
  0x0000000020b01000 JavaThread "Thread-146" [_thread_blocked, id=5512, stack(0x0000000022bc0000,0x0000000022cc0000)]
  0x0000000020b00000 JavaThread "Stdin handler" [_thread_blocked, id=13912, stack(0x00000000217b0000,0x00000000218b0000)]
  0x0000000020afc800 JavaThread "Asynchronous log dispatcher for DefaultDaemonConnection: socket connection from /127.0.0.1:52871 to /127.0.0.1:65334" [_thread_in_native, id=18708, stack(0x000000001fc10000,0x000000001fd10000)]
  0x0000000020afb800 JavaThread "Daemon worker Thread 4" [_thread_blocked, id=6744, stack(0x000000001f660000,0x000000001f760000)]
  0x0000000020afe800 JavaThread "Cancel handler" [_thread_blocked, id=9032, stack(0x000000001cdc0000,0x000000001cec0000)]
  0x0000000020b02800 JavaThread "Handler for socket connection from /127.0.0.1:52871 to /127.0.0.1:65334" [_thread_in_native, id=10048, stack(0x000000001ccc0000,0x000000001cdc0000)]
  0x0000000020aff800 JavaThread "Daemon Thread 4" [_thread_blocked, id=4128, stack(0x000000001cbc0000,0x000000001ccc0000)]
  0x000000001dfc2000 JavaThread "Cache worker for Java compile cache (C:\Users\yadanar moe\.gradle\caches\5.6.4\javaCompile)" [_thread_blocked, id=4308, stack(0x0000000026c80000,0x0000000026d80000)]
  0x0000000020b0a000 JavaThread "Cache worker for file content cache (C:\Users\yadanar moe\.gradle\caches\5.6.4\fileContent)" [_thread_blocked, id=8644, stack(0x0000000025220000,0x0000000025320000)]
  0x0000000020b09000 JavaThread "Memory manager" [_thread_blocked, id=5752, stack(0x0000000025120000,0x0000000025220000)]
  0x0000000020afd000 JavaThread "Cache worker for execution history cache (C:\Users\yadanar moe\.gradle\caches\5.6.4\executionHistory)" [_thread_blocked, id=17508, stack(0x0000000022ac0000,0x0000000022bc0000)]
  0x000000001b78c800 JavaThread "Cache worker for journal cache (C:\Users\yadanar moe\.gradle\caches\journal-1)" [_thread_blocked, id=520, stack(0x000000001d5c0000,0x000000001d6c0000)]
  0x000000001b790800 JavaThread "File lock request listener" [_thread_in_native, id=10016, stack(0x000000001d4c0000,0x000000001d5c0000)]
  0x000000001b78e000 JavaThread "Cache worker for file hash cache (C:\Users\yadanar moe\.gradle\caches\5.6.4\fileHashes)" [_thread_blocked, id=3636, stack(0x000000001d3c0000,0x000000001d4c0000)]
  0x000000001a37e000 JavaThread "Daemon periodic checks" [_thread_blocked, id=8036, stack(0x000000001c6c0000,0x000000001c7c0000)]
  0x000000001b4a7000 JavaThread "Incoming local TCP Connector on port 52871" [_thread_in_native, id=12112, stack(0x000000001c480000,0x000000001c580000)]
  0x0000000018ae3000 JavaThread "Daemon health stats" [_thread_blocked, id=15808, stack(0x000000001ae40000,0x000000001af40000)]
  0x0000000018832000 JavaThread "Service Thread" daemon [_thread_blocked, id=6240, stack(0x0000000019470000,0x0000000019570000)]
  0x00000000187b5000 JavaThread "C1 CompilerThread3" daemon [_thread_blocked, id=6336, stack(0x0000000019370000,0x0000000019470000)]
=>0x00000000187a9800 JavaThread "C2 CompilerThread2" daemon [_thread_in_native, id=4964, stack(0x0000000019270000,0x0000000019370000)]
  0x00000000187a3000 JavaThread "C2 CompilerThread1" daemon [_thread_blocked, id=3288, stack(0x0000000019170000,0x0000000019270000)]
  0x00000000187a1000 JavaThread "C2 CompilerThread0" daemon [_thread_blocked, id=13108, stack(0x0000000019070000,0x0000000019170000)]
  0x000000001879e800 JavaThread "Attach Listener" daemon [_thread_blocked, id=16152, stack(0x0000000018f70000,0x0000000019070000)]
  0x000000001879b800 JavaThread "Signal Dispatcher" daemon [_thread_blocked, id=2140, stack(0x0000000018e70000,0x0000000018f70000)]
  0x0000000002bce000 JavaThread "Finalizer" daemon [_thread_blocked, id=15892, stack(0x0000000018c70000,0x0000000018d70000)]
  0x0000000002bc5000 JavaThread "Reference Handler" daemon [_thread_blocked, id=2832, stack(0x0000000018b70000,0x0000000018c70000)]
  0x0000000002ad2800 JavaThread "main" [_thread_blocked, id=6688, stack(0x00000000028f0000,0x00000000029f0000)]

Other Threads:
  0x0000000016988000 VMThread [stack: 0x0000000018670000,0x0000000018770000] [id=16712]
  0x0000000018833000 WatcherThread [stack: 0x0000000019570000,0x0000000019670000] [id=7624]

VM state:not at safepoint (normal execution)

VM Mutex/Monitor currently owned by a thread: None

heap address: 0x00000000a0000000, size: 1536 MB, Compressed Oops mode: 32-bit
Narrow klass base: 0x0000000000000000, Narrow klass shift: 3
Compressed class space size: 1073741824 Address: 0x0000000100000000

Heap:
 PSYoungGen      total 252928K, used 121499K [0x00000000e0000000, 0x00000000f3900000, 0x0000000100000000)
  eden space 218624K, 55% used [0x00000000e0000000,0x00000000e76a6df8,0x00000000ed580000)
  from space 34304K, 0% used [0x00000000ef600000,0x00000000ef600000,0x00000000f1780000)
  to   space 33280K, 0% used [0x00000000ed580000,0x00000000ed580000,0x00000000ef600000)
 ParOldGen       total 140800K, used 57807K [0x00000000a0000000, 0x00000000a8980000, 0x00000000e0000000)
  object space 140800K, 41% used [0x00000000a0000000,0x00000000a3873d48,0x00000000a8980000)
 Metaspace       used 92550K, capacity 96487K, committed 98496K, reserved 1134592K
  class space    used 12123K, capacity 12914K, committed 13272K, reserved 1048576K

Card table byte_map: [0x0000000011f90000,0x00000000122a0000] byte_map_base: 0x0000000011a90000

Marking Bits: (ParMarkBitMap*) 0x000000005fc49f30
 Begin Bits: [0x0000000012ca0000, 0x00000000144a0000)
 End Bits:   [0x00000000144a0000, 0x0000000015ca0000)

Polling page: 0x00000000010e0000

CodeCache: size=245760Kb used=46875Kb max_used=46886Kb free=198884Kb
 bounds [0x0000000002bd0000, 0x00000000059e0000, 0x0000000011bd0000]
 total_blobs=15100 nmethods=14195 adapters=815
 compilation: enabled

Compilation events (10 events):
Event: 3703.328 Thread 0x00000000187a3000 18057       4       org.gradle.api.internal.artifacts.transform.TransformingAsyncArtifactListener::artifactAvailable (98 bytes)
Event: 3703.328 Thread 0x00000000187b5000 18058   !   3       java.util.concurrent.ThreadPoolExecutor::runWorker (225 bytes)
Event: 3703.330 Thread 0x00000000187b5000 nmethod 18058 0x00000000059cee10 code [0x00000000059cf120, 0x00000000059d0cb8]
Event: 3703.352 Thread 0x00000000187a3000 nmethod 18057 0x00000000059d8090 code [0x00000000059d8360, 0x00000000059d9498]
Event: 3703.405 Thread 0x00000000187b5000 18059       3       org.gradle.internal.snapshot.impl.DirectorySnapshotter$PathVisitor::visitFile (10 bytes)
Event: 3703.405 Thread 0x00000000187b5000 nmethod 18059 0x0000000004ace210 code [0x0000000004ace380, 0x0000000004ace608]
Event: 3703.406 Thread 0x00000000187b5000 18060       3       org.gradle.api.internal.artifacts.transform.TransformationStep$$Lambda$358/2042963406::run (12 bytes)
Event: 3703.407 Thread 0x00000000187b5000 nmethod 18060 0x0000000004acdb50 code [0x0000000004acdce0, 0x0000000004ace078]
Event: 3703.407 Thread 0x00000000187b5000 18061       3       org.gradle.api.internal.artifacts.transform.TransformationStep::lambda$isolateExclusively$4 (23 bytes)
Event: 3703.407 Thread 0x00000000187b5000 nmethod 18061 0x00000000059ce890 code [0x00000000059cea00, 0x00000000059ced18]

GC Heap History (10 events):
Event: 3379.362 GC heap before
{Heap before GC invocations=18 (full 3):
 PSYoungGen      total 260096K, used 253943K [0x00000000e0000000, 0x00000000f2800000, 0x0000000100000000)
  eden space 231424K, 99% used [0x00000000e0000000,0x00000000ee1a4738,0x00000000ee200000)
  from space 28672K, 79% used [0x00000000f0c00000,0x00000000f2259838,0x00000000f2800000)
  to   space 35840K, 0% used [0x00000000ee200000,0x00000000ee200000,0x00000000f0500000)
 ParOldGen       total 140800K, used 74307K [0x00000000a0000000, 0x00000000a8980000, 0x00000000e0000000)
  object space 140800K, 52% used [0x00000000a0000000,0x00000000a4890c08,0x00000000a8980000)
 Metaspace       used 91974K, capacity 96426K, committed 96600K, reserved 1132544K
  class space    used 12155K, capacity 13021K, committed 13144K, reserved 1048576K
Event: 3379.455 GC heap after
Heap after GC invocations=18 (full 3):
 PSYoungGen      total 246784K, used 23004K [0x00000000e0000000, 0x00000000f2180000, 0x0000000100000000)
  eden space 223744K, 0% used [0x00000000e0000000,0x00000000e0000000,0x00000000eda80000)
  from space 23040K, 99% used [0x00000000ee200000,0x00000000ef8773f8,0x00000000ef880000)
  to   space 36352K, 0% used [0x00000000efe00000,0x00000000efe00000,0x00000000f2180000)
 ParOldGen       total 140800K, used 74315K [0x00000000a0000000, 0x00000000a8980000, 0x00000000e0000000)
  object space 140800K, 52% used [0x00000000a0000000,0x00000000a4892c08,0x00000000a8980000)
 Metaspace       used 91974K, capacity 96426K, committed 96600K, reserved 1132544K
  class space    used 12155K, capacity 13021K, committed 13144K, reserved 1048576K
}
Event: 3416.624 GC heap before
{Heap before GC invocations=19 (full 3):
 PSYoungGen      total 246784K, used 246748K [0x00000000e0000000, 0x00000000f2180000, 0x0000000100000000)
  eden space 223744K, 100% used [0x00000000e0000000,0x00000000eda80000,0x00000000eda80000)
  from space 23040K, 99% used [0x00000000ee200000,0x00000000ef8773f8,0x00000000ef880000)
  to   space 36352K, 0% used [0x00000000efe00000,0x00000000efe00000,0x00000000f2180000)
 ParOldGen       total 140800K, used 74315K [0x00000000a0000000, 0x00000000a8980000, 0x00000000e0000000)
  object space 140800K, 52% used [0x00000000a0000000,0x00000000a4892c08,0x00000000a8980000)
 Metaspace       used 92519K, capacity 97092K, committed 97368K, reserved 1134592K
  class space    used 12196K, capacity 13088K, committed 13144K, reserved 1048576K
Event: 3417.142 GC heap after
Heap after GC invocations=19 (full 3):
 PSYoungGen      total 261632K, used 17098K [0x00000000e0000000, 0x00000000f3f00000, 0x0000000100000000)
  eden space 225280K, 0% used [0x00000000e0000000,0x00000000e0000000,0x00000000edc00000)
  from space 36352K, 47% used [0x00000000efe00000,0x00000000f0eb2be8,0x00000000f2180000)
  to   space 34816K, 0% used [0x00000000edc00000,0x00000000edc00000,0x00000000efe00000)
 ParOldGen       total 140800K, used 74323K [0x00000000a0000000, 0x00000000a8980000, 0x00000000e0000000)
  object space 140800K, 52% used [0x00000000a0000000,0x00000000a4894c08,0x00000000a8980000)
 Metaspace       used 92519K, capacity 97092K, committed 97368K, reserved 1134592K
  class space    used 12196K, capacity 13088K, committed 13144K, reserved 1048576K
}
Event: 3512.474 GC heap before
{Heap before GC invocations=20 (full 3):
 PSYoungGen      total 261632K, used 242378K [0x00000000e0000000, 0x00000000f3f00000, 0x0000000100000000)
  eden space 225280K, 100% used [0x00000000e0000000,0x00000000edc00000,0x00000000edc00000)
  from space 36352K, 47% used [0x00000000efe00000,0x00000000f0eb2be8,0x00000000f2180000)
  to   space 34816K, 0% used [0x00000000edc00000,0x00000000edc00000,0x00000000efe00000)
 ParOldGen       total 140800K, used 74323K [0x00000000a0000000, 0x00000000a8980000, 0x00000000e0000000)
  object space 140800K, 52% used [0x00000000a0000000,0x00000000a4894c08,0x00000000a8980000)
 Metaspace       used 93126K, capacity 98014K, committed 98264K, reserved 1134592K
  class space    used 12262K, capacity 13197K, committed 13272K, reserved 1048576K
Event: 3512.504 GC heap after
Heap after GC invocations=20 (full 3):
 PSYoungGen      total 237568K, used 19807K [0x00000000e0000000, 0x00000000f1780000, 0x0000000100000000)
  eden space 217600K, 0% used [0x00000000e0000000,0x00000000e0000000,0x00000000ed480000)
  from space 19968K, 99% used [0x00000000edc00000,0x00000000eef57f78,0x00000000eef80000)
  to   space 34304K, 0% used [0x00000000ef600000,0x00000000ef600000,0x00000000f1780000)
 ParOldGen       total 140800K, used 74331K [0x00000000a0000000, 0x00000000a8980000, 0x00000000e0000000)
  object space 140800K, 52% used [0x00000000a0000000,0x00000000a4896c08,0x00000000a8980000)
 Metaspace       used 93126K, capacity 98014K, committed 98264K, reserved 1134592K
  class space    used 12262K, capacity 13197K, committed 13272K, reserved 1048576K
}
Event: 3512.691 GC heap before
{Heap before GC invocations=21 (full 3):
 PSYoungGen      total 237568K, used 30264K [0x00000000e0000000, 0x00000000f1780000, 0x0000000100000000)
  eden space 217600K, 4% used [0x00000000e0000000,0x00000000e0a36098,0x00000000ed480000)
  from space 19968K, 99% used [0x00000000edc00000,0x00000000eef57f78,0x00000000eef80000)
  to   space 34304K, 0% used [0x00000000ef600000,0x00000000ef600000,0x00000000f1780000)
 ParOldGen       total 140800K, used 74331K [0x00000000a0000000, 0x00000000a8980000, 0x00000000e0000000)
  object space 140800K, 52% used [0x00000000a0000000,0x00000000a4896c08,0x00000000a8980000)
 Metaspace       used 93463K, capacity 98341K, committed 98496K, reserved 1134592K
  class space    used 12323K, capacity 13272K, committed 13272K, reserved 1048576K
Event: 3512.705 GC heap after
Heap after GC invocations=21 (full 3):
 PSYoungGen      total 252928K, used 13322K [0x00000000e0000000, 0x00000000f3900000, 0x0000000100000000)
  eden space 218624K, 0% used [0x00000000e0000000,0x00000000e0000000,0x00000000ed580000)
  from space 34304K, 38% used [0x00000000ef600000,0x00000000f0302948,0x00000000f1780000)
  to   space 33280K, 0% used [0x00000000ed580000,0x00000000ed580000,0x00000000ef600000)
 ParOldGen       total 140800K, used 74339K [0x00000000a0000000, 0x00000000a8980000, 0x00000000e0000000)
  object space 140800K, 52% used [0x00000000a0000000,0x00000000a4898c08,0x00000000a8980000)
 Metaspace       used 93463K, capacity 98341K, committed 98496K, reserved 1134592K
  class space    used 12323K, capacity 13272K, committed 13272K, reserved 1048576K
}
Event: 3512.705 GC heap before
{Heap before GC invocations=22 (full 4):
 PSYoungGen      total 252928K, used 13322K [0x00000000e0000000, 0x00000000f3900000, 0x0000000100000000)
  eden space 218624K, 0% used [0x00000000e0000000,0x00000000e0000000,0x00000000ed580000)
  from space 34304K, 38% used [0x00000000ef600000,0x00000000f0302948,0x00000000f1780000)
  to   space 33280K, 0% used [0x00000000ed580000,0x00000000ed580000,0x00000000ef600000)
 ParOldGen       total 140800K, used 74339K [0x00000000a0000000, 0x00000000a8980000, 0x00000000e0000000)
  object space 140800K, 52% used [0x00000000a0000000,0x00000000a4898c08,0x00000000a8980000)
 Metaspace       used 93463K, capacity 98341K, committed 98496K, reserved 1134592K
  class space    used 12323K, capacity 13272K, committed 13272K, reserved 1048576K
Event: 3515.675 GC heap after
Heap after GC invocations=22 (full 4):
 PSYoungGen      total 252928K, used 0K [0x00000000e0000000, 0x00000000f3900000, 0x0000000100000000)
  eden space 218624K, 0% used [0x00000000e0000000,0x00000000e0000000,0x00000000ed580000)
  from space 34304K, 0% used [0x00000000ef600000,0x00000000ef600000,0x00000000f1780000)
  to   space 33280K, 0% used [0x00000000ed580000,0x00000000ed580000,0x00000000ef600000)
 ParOldGen       total 140800K, used 57807K [0x00000000a0000000, 0x00000000a8980000, 0x00000000e0000000)
  object space 140800K, 41% used [0x00000000a0000000,0x00000000a3873d48,0x00000000a8980000)
 Metaspace       used 92212K, capacity 96027K, committed 98496K, reserved 1134592K
  class space    used 12090K, capacity 12849K, committed 13272K, reserved 1048576K
}

Deoptimization events (10 events):
Event: 3417.702 Thread 0x0000000020b07000 Uncommon trap: reason=array_check action=maybe_recompile pc=0x0000000004ace074 method=java.util.ComparableTimSort.reverseRange([Ljava/lang/Object;II)V @ 27
Event: 3417.703 Thread 0x0000000020afb800 Uncommon trap: reason=bimorphic action=maybe_recompile pc=0x000000000520c7a8 method=java.io.Writer.append(Ljava/lang/CharSequence;)Ljava/io/Writer; @ 20
Event: 3417.807 Thread 0x0000000018b31000 Uncommon trap: reason=null_check action=make_not_entrant pc=0x0000000002ed14cc method=java.lang.ThreadLocal$ThreadLocalMap.expungeStaleEntry(I)I @ 51
Event: 3417.858 Thread 0x0000000018b33000 Uncommon trap: reason=null_check action=make_not_entrant pc=0x000000000380116c method=java.lang.ThreadLocal$ThreadLocalMap.getEntryAfterMiss(Ljava/lang/ThreadLocal;ILjava/lang/ThreadLocal$ThreadLocalMap$Entry;)Ljava/lang/ThreadLocal$ThreadLocalMap$Entry; 
Event: 3510.793 Thread 0x000000001dfbc000 Uncommon trap: reason=class_check action=maybe_recompile pc=0x0000000003a338a0 method=java.lang.reflect.Array.newInstance(Ljava/lang/Class;I)Ljava/lang/Object; @ 2
Event: 3510.993 Thread 0x000000001dfbd000 Uncommon trap: reason=array_check action=maybe_recompile pc=0x0000000004ace074 method=java.util.ComparableTimSort.reverseRange([Ljava/lang/Object;II)V @ 27
Event: 3511.149 Thread 0x000000001dfbd000 Uncommon trap: reason=predicate action=maybe_recompile pc=0x00000000057ad244 method=com.google.common.collect.RegularImmutableMap.fromEntryArray(I[Ljava/util/Map$Entry;)Lcom/google/common/collect/ImmutableMap; @ 62
Event: 3515.676 Thread 0x0000000018ae3000 Uncommon trap: reason=unstable_if action=reinterpret pc=0x0000000004a6abac method=org.gradle.launcher.daemon.server.health.gc.GarbageCollectionCheck.run()V @ 100
Event: 3702.492 Thread 0x0000000020b02800 Uncommon trap: reason=class_check action=maybe_recompile pc=0x0000000003a338a0 method=java.lang.reflect.Array.newInstance(Ljava/lang/Class;I)Ljava/lang/Object; @ 2
Event: 3703.404 Thread 0x0000000020afb800 Uncommon trap: reason=unstable_if action=reinterpret pc=0x0000000004d152e8 method=com.google.common.collect.MapMakerInternalMap$Segment.put(Ljava/lang/Object;ILjava/lang/Object;Z)Ljava/lang/Object; @ 92

Classes redefined (0 events):
No events

Internal exceptions (10 events):
Event: 3515.741 Thread 0x0000000002bce000 Exception <a 'java/net/SocketException': Software caused connection abort: socket write error> (0x00000000e00e25b8) thrown at [D:\src\AOSP-openjdk-cygwin\jdk8u\hotspot\src\share\vm\prims\jni.cpp, line 736]
Event: 3702.522 Thread 0x0000000020afb800 Exception <a 'java/lang/NoSuchMethodError': <clinit>> (0x00000000e0986658) thrown at [D:\src\AOSP-openjdk-cygwin\jdk8u\hotspot\src\share\vm\prims\jni.cpp, line 1614]
Event: 3702.528 Thread 0x0000000020afb800 Exception <a 'java/lang/NoSuchMethodError': <clinit>> (0x00000000e09d7bd8) thrown at [D:\src\AOSP-openjdk-cygwin\jdk8u\hotspot\src\share\vm\prims\jni.cpp, line 1614]
Event: 3702.541 Thread 0x0000000020afb800 Exception <a 'java/lang/NoSuchMethodError': <clinit>> (0x00000000e0af4660) thrown at [D:\src\AOSP-openjdk-cygwin\jdk8u\hotspot\src\share\vm\prims\jni.cpp, line 1614]
Event: 3702.541 Thread 0x0000000020afb800 Exception <a 'java/lang/NoSuchMethodError': <clinit>> (0x00000000e0af8798) thrown at [D:\src\AOSP-openjdk-cygwin\jdk8u\hotspot\src\share\vm\prims\jni.cpp, line 1614]
Event: 3702.541 Thread 0x0000000020afb800 Exception <a 'java/lang/NoSuchMethodError': <clinit>> (0x00000000e0afa120) thrown at [D:\src\AOSP-openjdk-cygwin\jdk8u\hotspot\src\share\vm\prims\jni.cpp, line 1614]
Event: 3702.541 Thread 0x0000000020afb800 Exception <a 'java/lang/NoSuchMethodError': <clinit>> (0x00000000e0afb620) thrown at [D:\src\AOSP-openjdk-cygwin\jdk8u\hotspot\src\share\vm\prims\jni.cpp, line 1614]
Event: 3702.541 Thread 0x0000000020afb800 Exception <a 'java/lang/NoSuchMethodError': <clinit>> (0x00000000e0afcd70) thrown at [D:\src\AOSP-openjdk-cygwin\jdk8u\hotspot\src\share\vm\prims\jni.cpp, line 1614]
Event: 3702.541 Thread 0x0000000020afb800 Exception <a 'java/lang/NoSuchMethodError': <clinit>> (0x00000000e0afe370) thrown at [D:\src\AOSP-openjdk-cygwin\jdk8u\hotspot\src\share\vm\prims\jni.cpp, line 1614]
Event: 3702.541 Thread 0x0000000020afb800 Exception <a 'java/lang/NoSuchMethodError': <clinit>> (0x00000000e0aff810) thrown at [D:\src\AOSP-openjdk-cygwin\jdk8u\hotspot\src\share\vm\prims\jni.cpp, line 1614]

Events (10 events):
Event: 3703.186 Executing VM operation: RevokeBias done
Event: 3703.187 Thread 0x00000000187b5000 flushing nmethod 0x0000000004acd890
Event: 3703.189 Executing VM operation: RevokeBias
Event: 3703.190 Executing VM operation: RevokeBias done
Event: 3703.190 Executing VM operation: RevokeBias
Event: 3703.190 Executing VM operation: RevokeBias done
Event: 3703.266 Thread 0x00000000187b5000 flushing nmethod 0x000000000530ec50
Event: 3703.404 Thread 0x0000000020afb800 Uncommon trap: trap_request=0xffffff65 fr.pc=0x0000000004d152e8
Event: 3703.404 Thread 0x0000000020afb800 DEOPT PACKING pc=0x0000000004d152e8 sp=0x000000001f75b0b0
Event: 3703.404 Thread 0x0000000020afb800 DEOPT UNPACKING pc=0x0000000002c1557b sp=0x000000001f75ad88 mode 2


Dynamic libraries:
0x00007ff6e41e0000 - 0x00007ff6e4211000 	C:\Program Files\Android\Android Studio\jre\bin\java.exe
0x00007ffaecc00000 - 0x00007ffaecdf0000 	C:\WINDOWS\SYSTEM32\ntdll.dll
0x00007ffaa35a0000 - 0x00007ffaa35b3000 	C:\Program Files\AVG\Antivirus\aswhook.dll
0x00007ffaec430000 - 0x00007ffaec4e2000 	C:\WINDOWS\System32\KERNEL32.DLL
0x00007ffaea010000 - 0x00007ffaea2b4000 	C:\WINDOWS\System32\KERNELBASE.dll
0x00007ffaeb430000 - 0x00007ffaeb4d3000 	C:\WINDOWS\System32\ADVAPI32.dll
0x00007ffaeca00000 - 0x00007ffaeca9e000 	C:\WINDOWS\System32\msvcrt.dll
0x00007ffaec960000 - 0x00007ffaec9f7000 	C:\WINDOWS\System32\sechost.dll
0x00007ffaec140000 - 0x00007ffaec260000 	C:\WINDOWS\System32\RPCRT4.dll
0x00007ffaebf10000 - 0x00007ffaec0a4000 	C:\WINDOWS\System32\USER32.dll
0x00007ffae9d30000 - 0x00007ffae9d51000 	C:\WINDOWS\System32\win32u.dll
0x00007ffaec0b0000 - 0x00007ffaec0d6000 	C:\WINDOWS\System32\GDI32.dll
0x00007ffae9b90000 - 0x00007ffae9d24000 	C:\WINDOWS\System32\gdi32full.dll
0x00007ffae9e90000 - 0x00007ffae9f2e000 	C:\WINDOWS\System32\msvcp_win.dll
0x00007ffaea2c0000 - 0x00007ffaea3ba000 	C:\WINDOWS\System32\ucrtbase.dll
0x00007ffadcbe0000 - 0x00007ffadce64000 	C:\WINDOWS\WinSxS\amd64_microsoft.windows.common-controls_6595b64144ccf1df_6.0.18362.836_none_e6c4b943130f18ed\COMCTL32.dll
0x00007ffaead60000 - 0x00007ffaeb096000 	C:\WINDOWS\System32\combase.dll
0x00007ffae9e10000 - 0x00007ffae9e90000 	C:\WINDOWS\System32\bcryptPrimitives.dll
0x00007ffaecb90000 - 0x00007ffaecbbe000 	C:\WINDOWS\System32\IMM32.DLL
0x0000000061460000 - 0x0000000061532000 	C:\Program Files\Android\Android Studio\jre\jre\bin\msvcr100.dll
0x000000005f480000 - 0x000000005fcc6000 	C:\Program Files\Android\Android Studio\jre\jre\bin\server\jvm.dll
0x00007ffaebf00000 - 0x00007ffaebf08000 	C:\WINDOWS\System32\PSAPI.DLL
0x00007ffad8ab0000 - 0x00007ffad8ab9000 	C:\WINDOWS\SYSTEM32\WSOCK32.dll
0x00007ffaec280000 - 0x00007ffaec2ef000 	C:\WINDOWS\System32\WS2_32.dll
0x00007ffae5d00000 - 0x00007ffae5d24000 	C:\WINDOWS\SYSTEM32\WINMM.dll
0x00007ffadc5b0000 - 0x00007ffadc5ba000 	C:\WINDOWS\SYSTEM32\VERSION.dll
0x00007ffae5cd0000 - 0x00007ffae5cfd000 	C:\WINDOWS\SYSTEM32\WINMMBASE.dll
0x00007ffae9d60000 - 0x00007ffae9daa000 	C:\WINDOWS\System32\cfgmgr32.dll
0x00007ffadf3c0000 - 0x00007ffadf3cf000 	C:\Program Files\Android\Android Studio\jre\jre\bin\verify.dll
0x00007ffad4b10000 - 0x00007ffad4b39000 	C:\Program Files\Android\Android Studio\jre\jre\bin\java.dll
0x00007ffad6f90000 - 0x00007ffad6fa6000 	C:\Program Files\Android\Android Studio\jre\jre\bin\zip.dll
0x00007ffaeb6d0000 - 0x00007ffaebdb4000 	C:\WINDOWS\System32\SHELL32.dll
0x00007ffaeb5b0000 - 0x00007ffaeb659000 	C:\WINDOWS\System32\shcore.dll
0x00007ffaea3e0000 - 0x00007ffaeab5e000 	C:\WINDOWS\System32\windows.storage.dll
0x00007ffae9b10000 - 0x00007ffae9b33000 	C:\WINDOWS\System32\profapi.dll
0x00007ffae9b40000 - 0x00007ffae9b8a000 	C:\WINDOWS\System32\powrprof.dll
0x00007ffae9ac0000 - 0x00007ffae9ad0000 	C:\WINDOWS\System32\UMPDC.dll
0x00007ffaec0e0000 - 0x00007ffaec132000 	C:\WINDOWS\System32\shlwapi.dll
0x00007ffae9ad0000 - 0x00007ffae9ae1000 	C:\WINDOWS\System32\kernel.appcore.dll
0x00007ffaea3c0000 - 0x00007ffaea3d7000 	C:\WINDOWS\System32\cryptsp.dll
0x00007ffad5d80000 - 0x00007ffad5d9a000 	C:\Program Files\Android\Android Studio\jre\jre\bin\net.dll
0x00007ffad5530000 - 0x00007ffad5706000 	C:\WINDOWS\SYSTEM32\urlmon.dll
0x00007ffad5280000 - 0x00007ffad5526000 	C:\WINDOWS\SYSTEM32\iertutil.dll
0x00007ffae9500000 - 0x00007ffae950c000 	C:\WINDOWS\SYSTEM32\CRYPTBASE.DLL
0x00007ffae9330000 - 0x00007ffae9397000 	C:\WINDOWS\system32\mswsock.dll
0x00007ffad2b10000 - 0x00007ffad2b23000 	C:\Program Files\Android\Android Studio\jre\jre\bin\nio.dll
0x00007ffacdd40000 - 0x00007ffacdd66000 	C:\Users\yadanar moe\.gradle\native\30\windows-amd64\native-platform.dll
0x00007ffad79c0000 - 0x00007ffad79cd000 	C:\Program Files\Android\Android Studio\jre\jre\bin\management.dll
0x00007ffae8ea0000 - 0x00007ffae8ed3000 	C:\WINDOWS\system32\rsaenh.dll
0x00007ffae9fe0000 - 0x00007ffaea006000 	C:\WINDOWS\System32\bcrypt.dll
0x00007ffae99e0000 - 0x00007ffae9a05000 	C:\WINDOWS\SYSTEM32\USERENV.dll
0x00007ffae9040000 - 0x00007ffae907a000 	C:\WINDOWS\SYSTEM32\IPHLPAPI.DLL
0x00007ffaec420000 - 0x00007ffaec428000 	C:\WINDOWS\System32\NSI.dll
0x00007ffade160000 - 0x00007ffade176000 	C:\WINDOWS\SYSTEM32\dhcpcsvc6.DLL
0x00007ffade140000 - 0x00007ffade15c000 	C:\WINDOWS\SYSTEM32\dhcpcsvc.DLL
0x00007ffae9080000 - 0x00007ffae914b000 	C:\WINDOWS\SYSTEM32\DNSAPI.dll
0x00007fface0f0000 - 0x00007fface114000 	C:\Program Files\Android\Android Studio\jre\jre\bin\sunec.dll
0x00007ffae35d0000 - 0x00007ffae35da000 	C:\Windows\System32\rasadhlp.dll
0x00007ffadd900000 - 0x00007ffadd977000 	C:\WINDOWS\System32\fwpuclnt.dll
0x00007ffad8a70000 - 0x00007ffad8a7b000 	C:\Program Files\Android\Android Studio\jre\jre\bin\sunmscapi.dll
0x00007ffaeab60000 - 0x00007ffaeaca9000 	C:\WINDOWS\System32\CRYPT32.dll
0x00007ffae9af0000 - 0x00007ffae9b02000 	C:\WINDOWS\System32\MSASN1.dll

VM Arguments:
jvm_args: -Xmx1536m -Dfile.encoding=windows-1252 -Duser.country=SG -Duser.language=en -Duser.variant 
java_command: org.gradle.launcher.daemon.bootstrap.GradleDaemon 5.6.4
java_class_path (initial): C:\Users\yadanar moe\.gradle\wrapper\dists\gradle-5.6.4-all\ankdp27end7byghfw1q2sw75f\gradle-5.6.4\lib\gradle-launcher-5.6.4.jar
Launcher Type: SUN_STANDARD

Environment Variables:
JAVA_HOME=C:\Program Files\Java\jdk
PATH=C:\Program Files (x86)\Common Files\Oracle\Java\javapath;C:\ProgramData\Oracle\Java\javapath;C:\Program Files (x86)\Intel\Intel(R) Management Engine Components\iCLS\:C:\Program Files\Java\jdk-12.0.2\bin;C:\Program Files\Intel\Intel(R) Management Engine Components\iCLS\;C:\Windows\system32;C:\Windows;C:\Windows\System32\Wbem;C:\Windows\System32\WindowsPowerShell\v1.0\:C:\Program Files\Java\jdk\bin:C:\Program Files\Java\jre\bin;C:\Windows\System32\OpenSSH\;C:\Program Files (x86)\Intel\Intel(R) Management Engine Components\DAL;C:\Program Files\Intel\Intel(R) Management Engine Components\DAL;C:\Program Files (x86)\Intel\Intel(R) Management Engine Components\IPT;C:\Program Files\Intel\Intel(R) Management Engine Components\IPT;C:\Program Files (x86)\NVIDIA Corporation\PhysX\Common;C:\WINDOWS\system32;C:\WINDOWS;C:\WINDOWS\System32\Wbem;C:\WINDOWS\System32\WindowsPowerShell\v1.0\;C:\WINDOWS\System32\OpenSSH\;C:\Program Files\Git\cmd;C:\Program Files\Git\mingw64\bin;C:\Program Files\Git\usr\bin;C:\Program Files\Java\jdk1.8.0_221\bin;C:\Users\yadanar moe\AppData\Local\Microsoft\WindowsApps;;C:\Users\yadanar moe\AppData\Local\Programs\Microsoft VS Code\bin;C:\Program Files\JetBrains\PyCharm Community Edition 2019.3.1\bin;
USERNAME=yadanar moe
OS=Windows_NT
PROCESSOR_IDENTIFIER=Intel64 Family 6 Model 142 Stepping 10, GenuineIntel



---------------  S Y S T E M  ---------------

OS: Windows 10.0 , 64 bit Build 18362 (10.0.18362.778)

CPU:total 8 (initial active 8) (4 cores per cpu, 2 threads per core) family 6 model 142 stepping 10, cmov, cx8, fxsr, mmx, sse, sse2, sse3, ssse3, sse4.1, sse4.2, popcnt, avx, avx2, aes, clmul, erms, 3dnowpref, lzcnt, ht, tsc, tscinvbit, bmi1, bmi2, adx

Memory: 4k page, physical 8270048k(485392k free), swap 33435872k(1056k free)

vm_info: OpenJDK 64-Bit Server VM (25.212-b04) for windows-amd64 JRE (1.8.0_212-release-1586-b04), built by "builder" with MS VC++ 10.0 (VS2010)

time: Tue Jun 09 03:21:03 2020
timezone: Malay Peninsula Standard Time
elapsed time: 3703 seconds (0d 1h 1m 43s)

