#
# There is insufficient memory for the Java Runtime Environment to continue.
# Native memory allocation (malloc) failed to allocate 1018016 bytes for Chunk::new
# Possible reasons:
#   The system is out of physical RAM or swap space
#   The process is running with CompressedOops enabled, and the Java Heap may be blocking the growth of the native heap
# Possible solutions:
#   Reduce memory load on the system
#   Increase physical memory or swap space
#   Check if swap backing store is full
#   Decrease Java heap size (-Xmx/-Xms)
#   Decrease number of Java threads
#   Decrease Java thread stack sizes (-Xss)
#   Set larger code cache with -XX:ReservedCodeCacheSize=
#   JVM is running with Unscaled Compressed Oops mode in which the Java heap is
#     placed in the first 4GB address space. The Java Heap base address is the
#     maximum limit for the native heap growth. Please use -XX:HeapBaseMinAddress
#     to set the Java Heap base and to place the Java Heap above 4GB virtual address.
# This output file may be truncated or incomplete.
#
#  Out of Memory Error (allocation.cpp:389), pid=2468, tid=0x00000000000042b4
#
# JRE version: OpenJDK Runtime Environment (8.0_212-b04) (build 1.8.0_212-release-1586-b04)
# Java VM: OpenJDK 64-Bit Server VM (25.212-b04 mixed mode windows-amd64 compressed oops)
# Failed to write core dump. Minidumps are not enabled by default on client versions of Windows
#

---------------  T H R E A D  ---------------

Current thread (0x00000000180fc000):  JavaThread "C2 CompilerThread1" daemon [_thread_in_native, id=17076, stack(0x0000000018ad0000,0x0000000018bd0000)]

Stack: [0x0000000018ad0000,0x0000000018bd0000]
[error occurred during error reporting (printing stack bounds), id 0xc0000005]

Native frames: (J=compiled Java code, j=interpreted, Vv=VM code, C=native code)


Current CompileTask:
C2:  61065 13564       4       com.android.tools.r8.u.b.M0::a (345 bytes)


---------------  P R O C E S S  ---------------

Java Threads: ( => current thread )
  0x000000001ec46000 JavaThread "Cache worker for execution history cache (D:\ClientApp\.gradle\5.6.4\executionHistory)" [_thread_blocked, id=16976, stack(0x0000000028180000,0x0000000028280000)]
  0x000000001ec3e000 JavaThread "Execution worker for ':' Thread 7" [_thread_in_Java, id=3120, stack(0x0000000028080000,0x0000000028180000)]
  0x000000001ec45000 JavaThread "Execution worker for ':' Thread 6" [_thread_in_Java, id=16616, stack(0x0000000027f80000,0x0000000028080000)]
  0x000000001ec3d800 JavaThread "Execution worker for ':' Thread 5" [_thread_in_Java, id=10956, stack(0x0000000027e80000,0x0000000027f80000)]
  0x000000001ec43800 JavaThread "Execution worker for ':' Thread 4" [_thread_in_Java, id=5852, stack(0x0000000027d80000,0x0000000027e80000)]
  0x000000001ec42000 JavaThread "Execution worker for ':' Thread 3" [_thread_in_Java, id=6388, stack(0x0000000027c80000,0x0000000027d80000)]
  0x000000001ec40800 JavaThread "Execution worker for ':' Thread 2" [_thread_in_Java, id=15540, stack(0x0000000027b80000,0x0000000027c80000)]
  0x000000001ec44800 JavaThread "Execution worker for ':'" [_thread_in_native, id=15020, stack(0x0000000027a80000,0x0000000027b80000)]
  0x000000001ec3c800 JavaThread "Cache worker for file content cache (D:\ClientApp\.gradle\5.6.4\fileContent)" [_thread_blocked, id=10940, stack(0x0000000027980000,0x0000000027a80000)]
  0x000000001ec3f800 JavaThread "Cache worker for file content cache (C:\Users\yadanar moe\.gradle\caches\5.6.4\fileContent)" [_thread_blocked, id=14912, stack(0x0000000027880000,0x0000000027980000)]
  0x000000001ec3f000 JavaThread "Cache worker for Build Output Cleanup Cache (D:\ClientApp\.gradle\buildOutputCleanup)" [_thread_blocked, id=2676, stack(0x0000000027780000,0x0000000027880000)]
  0x000000001ec41800 JavaThread "Build operations Thread 8" [_thread_blocked, id=10428, stack(0x0000000027680000,0x0000000027780000)]
  0x000000001ec3c000 JavaThread "Build operations Thread 7" [_thread_blocked, id=16788, stack(0x0000000027580000,0x0000000027680000)]
  0x000000001ec43000 JavaThread "Build operations Thread 6" [_thread_blocked, id=11676, stack(0x0000000027480000,0x0000000027580000)]
  0x000000001b070000 JavaThread "Build operations Thread 5" [_thread_blocked, id=15648, stack(0x00000000270e0000,0x00000000271e0000)]
  0x000000001b06f000 JavaThread "Build operations Thread 4" [_thread_blocked, id=9960, stack(0x0000000026fe0000,0x00000000270e0000)]
  0x000000001b06c000 JavaThread "Build operations Thread 3" [_thread_blocked, id=13120, stack(0x0000000026ee0000,0x0000000026fe0000)]
  0x000000001a5ba800 JavaThread "Build operations Thread 2" [_thread_blocked, id=13420, stack(0x00000000248f0000,0x00000000249f0000)]
  0x000000001a5b6000 JavaThread "Build operations" [_thread_blocked, id=10504, stack(0x0000000022fc0000,0x00000000230c0000)]
  0x000000001a5bb800 JavaThread "Cache worker for cache directory md-rule (C:\Users\yadanar moe\.gradle\caches\5.6.4\md-rule)" [_thread_blocked, id=14844, stack(0x0000000022ec0000,0x0000000022fc0000)]
  0x000000001a5ba000 JavaThread "Cache worker for cache directory md-supplier (C:\Users\yadanar moe\.gradle\caches\5.6.4\md-supplier)" [_thread_blocked, id=15372, stack(0x0000000022dc0000,0x0000000022ec0000)]
  0x000000001a5b3000 JavaThread "Cache worker for file hash cache (D:\ClientApp\.gradle\5.6.4\fileHashes)" [_thread_blocked, id=8400, stack(0x0000000022cc0000,0x0000000022dc0000)]
  0x000000001a5b2000 JavaThread "Thread-31" [_thread_blocked, id=14780, stack(0x0000000022920000,0x0000000022a20000)]
  0x000000001a5b9000 JavaThread "Stdin handler" [_thread_blocked, id=12548, stack(0x0000000020cf0000,0x0000000020df0000)]
  0x000000001a5b5800 JavaThread "Asynchronous log dispatcher for DefaultDaemonConnection: socket connection from /127.0.0.1:54919 to /127.0.0.1:54927" [_thread_blocked, id=16012, stack(0x0000000020bf0000,0x0000000020cf0000)]
  0x000000001a5b3800 JavaThread "Cancel handler" [_thread_blocked, id=6924, stack(0x000000001f5c0000,0x000000001f6c0000)]
  0x000000001a5b1800 JavaThread "Handler for socket connection from /127.0.0.1:54919 to /127.0.0.1:54927" [_thread_in_native, id=18224, stack(0x000000001c720000,0x000000001c820000)]
  0x000000001a5bd000 JavaThread "Memory manager" [_thread_blocked, id=11408, stack(0x0000000025720000,0x0000000025820000)]
  0x000000001a5b0800 JavaThread "Cache worker for execution history cache (C:\Users\yadanar moe\.gradle\caches\5.6.4\executionHistory)" [_thread_blocked, id=17232, stack(0x0000000020df0000,0x0000000020ef0000)]
  0x000000001b069000 JavaThread "File lock release action executor" [_thread_blocked, id=15048, stack(0x00000000208f0000,0x00000000209f0000)]
  0x000000001b06e800 JavaThread "Cache worker for journal cache (C:\Users\yadanar moe\.gradle\caches\journal-1)" [_thread_in_native, id=5356, stack(0x000000001cf20000,0x000000001d020000)]
  0x000000001b06d800 JavaThread "File lock request listener" [_thread_in_native, id=3080, stack(0x000000001ce20000,0x000000001cf20000)]
  0x000000001b06a000 JavaThread "Cache worker for file hash cache (C:\Users\yadanar moe\.gradle\caches\5.6.4\fileHashes)" [_thread_blocked, id=12052, stack(0x000000001cd20000,0x000000001ce20000)]
  0x000000001aed1800 JavaThread "Daemon worker" [_thread_in_Java, id=17252, stack(0x000000001c620000,0x000000001c720000)]
  0x000000001aeb5000 JavaThread "Daemon" [_thread_blocked, id=10736, stack(0x000000001c120000,0x000000001c220000)]
  0x000000001ab6a000 JavaThread "Daemon periodic checks" [_thread_blocked, id=6700, stack(0x000000001c020000,0x000000001c120000)]
  0x000000001ab69000 JavaThread "Incoming local TCP Connector on port 54919" [_thread_in_native, id=8760, stack(0x000000001bde0000,0x000000001bee0000)]
  0x000000001a9a3000 JavaThread "Daemon health stats" [_thread_blocked, id=14708, stack(0x000000001a7a0000,0x000000001a8a0000)]
  0x00000000181a0800 JavaThread "Service Thread" daemon [_thread_blocked, id=18380, stack(0x0000000018dd0000,0x0000000018ed0000)]
  0x0000000018112800 JavaThread "C1 CompilerThread3" daemon [_thread_in_vm, id=14332, stack(0x0000000018cd0000,0x0000000018dd0000)]
  0x000000001810b800 JavaThread "C2 CompilerThread2" daemon [_thread_in_native, id=1108, stack(0x0000000018bd0000,0x0000000018cd0000)]
=>0x00000000180fc000 JavaThread "C2 CompilerThread1" daemon [_thread_in_native, id=17076, stack(0x0000000018ad0000,0x0000000018bd0000)]
  0x00000000180fa800 JavaThread "C2 CompilerThread0" daemon [_thread_in_native, id=11120, stack(0x00000000189d0000,0x0000000018ad0000)]
  0x00000000180f8000 JavaThread "Attach Listener" daemon [_thread_blocked, id=6872, stack(0x00000000188d0000,0x00000000189d0000)]
  0x00000000180f5000 JavaThread "Signal Dispatcher" daemon [_thread_blocked, id=12880, stack(0x00000000187d0000,0x00000000188d0000)]
  0x0000000002499800 JavaThread "Finalizer" daemon [_thread_blocked, id=5676, stack(0x00000000185d0000,0x00000000186d0000)]
  0x0000000002496000 JavaThread "Reference Handler" daemon [_thread_blocked, id=9900, stack(0x00000000184d0000,0x00000000185d0000)]
  0x00000000023a2800 JavaThread "main" [_thread_blocked, id=6556, stack(0x00000000021f0000,0x00000000022f0000)]

Other Threads:
  0x0000000016308800 VMThread [stack: 0x0000000017fd0000,0x00000000180d0000] [id=2520]
  0x00000000181a1800 WatcherThread [stack: 0x0000000018ed0000,0x0000000018fd0000] [id=1836]

VM state:not at safepoint (normal execution)

VM Mutex/Monitor currently owned by a thread: None

heap address: 0x00000000a0000000, size: 1536 MB, Compressed Oops mode: 32-bit
Narrow klass base: 0x0000000000000000, Narrow klass shift: 3
Compressed class space size: 1073741824 Address: 0x0000000100000000

Heap:
 PSYoungGen      total 451072K, used 318520K [0x00000000e0000000, 0x00000000fef00000, 0x0000000100000000)
  eden space 405504K, 78% used [0x00000000e0000000,0x00000000f370e2c0,0x00000000f8c00000)
  from space 45568K, 0% used [0x00000000fba00000,0x00000000fba00000,0x00000000fe680000)
  to   space 47104K, 0% used [0x00000000f8c00000,0x00000000f8c00000,0x00000000fba00000)
 ParOldGen       total 253440K, used 111771K [0x00000000a0000000, 0x00000000af780000, 0x00000000e0000000)
  object space 253440K, 44% used [0x00000000a0000000,0x00000000a6d26d80,0x00000000af780000)
 Metaspace       used 83572K, capacity 87574K, committed 90752K, reserved 1130496K
  class space    used 10995K, capacity 11780K, committed 12416K, reserved 1048576K

Card table byte_map: [0x0000000011910000,0x0000000011c20000] byte_map_base: 0x0000000011410000

Marking Bits: (ParMarkBitMap*) 0x0000000063869f30
 Begin Bits: [0x0000000012620000, 0x0000000013e20000)
 End Bits:   [0x0000000013e20000, 0x0000000015620000)

Polling page: 0x00000000009c0000

CodeCache: size=245760Kb used=42781Kb max_used=42781Kb free=202978Kb
 bounds [0x0000000002550000, 0x0000000004f50000, 0x0000000011550000]
 total_blobs=13789 nmethods=12945 adapters=756
 compilation: enabled

Compilation events (10 events):
Event: 61.042 Thread 0x0000000018112800 15205       2       com.android.tools.r8.ir.optimize.h$c::a (7 bytes)
Event: 61.042 Thread 0x0000000018112800 nmethod 15205 0x0000000004f43090 code [0x0000000004f431e0, 0x0000000004f43350]
Event: 61.042 Thread 0x0000000018112800 15206       2       com.android.tools.r8.ir.optimize.h$c::a (212 bytes)
Event: 61.044 Thread 0x0000000018112800 nmethod 15206 0x0000000004f433d0 code [0x0000000004f43600, 0x0000000004f43f98]
Event: 61.050 Thread 0x0000000018112800 15208       2       com.google.common.cache.LocalCache$StrongValueReference::notifyNewValue (1 bytes)
Event: 61.050 Thread 0x0000000018112800 nmethod 15208 0x0000000004f447d0 code [0x0000000004f44920, 0x0000000004f44a70]
Event: 61.053 Thread 0x0000000018112800 15209       2       com.android.tools.r8.v.a.a.a.f.x0::a (71 bytes)
Event: 61.054 Thread 0x0000000018112800 nmethod 15209 0x0000000004f44b10 code [0x0000000004f44c80, 0x0000000004f44ef0]
Event: 61.056 Thread 0x0000000018112800 15210       2       com.android.tools.r8.u.c.M::c (119 bytes)
Event: 61.057 Thread 0x0000000018112800 nmethod 15210 0x0000000004f45050 code [0x0000000004f45220, 0x0000000004f45588]

GC Heap History (10 events):
Event: 56.568 GC heap before
{Heap before GC invocations=19 (full 3):
 PSYoungGen      total 303104K, used 303095K [0x00000000e0000000, 0x00000000f9f00000, 0x0000000100000000)
  eden space 273920K, 100% used [0x00000000e0000000,0x00000000f0b80000,0x00000000f0b80000)
  from space 29184K, 99% used [0x00000000f0b80000,0x00000000f27fdcc8,0x00000000f2800000)
  to   space 43520K, 0% used [0x00000000f7480000,0x00000000f7480000,0x00000000f9f00000)
 ParOldGen       total 115200K, used 65805K [0x00000000a0000000, 0x00000000a7080000, 0x00000000e0000000)
  object space 115200K, 57% used [0x00000000a0000000,0x00000000a4043490,0x00000000a7080000)
 Metaspace       used 83505K, capacity 89238K, committed 89472K, reserved 1126400K
  class space    used 11315K, capacity 12354K, committed 12416K, reserved 1048576K
Event: 56.630 GC heap after
Heap after GC invocations=19 (full 3):
 PSYoungGen      total 381952K, used 21515K [0x00000000e0000000, 0x00000000faa80000, 0x0000000100000000)
  eden space 338432K, 0% used [0x00000000e0000000,0x00000000e0000000,0x00000000f4a80000)
  from space 43520K, 49% used [0x00000000f7480000,0x00000000f8982d50,0x00000000f9f00000)
  to   space 43008K, 0% used [0x00000000f4a80000,0x00000000f4a80000,0x00000000f7480000)
 ParOldGen       total 115200K, used 89146K [0x00000000a0000000, 0x00000000a7080000, 0x00000000e0000000)
  object space 115200K, 77% used [0x00000000a0000000,0x00000000a570ea78,0x00000000a7080000)
 Metaspace       used 83505K, capacity 89238K, committed 89472K, reserved 1126400K
  class space    used 11315K, capacity 12354K, committed 12416K, reserved 1048576K
}
Event: 57.573 GC heap before
{Heap before GC invocations=20 (full 3):
 PSYoungGen      total 381952K, used 359947K [0x00000000e0000000, 0x00000000faa80000, 0x0000000100000000)
  eden space 338432K, 100% used [0x00000000e0000000,0x00000000f4a80000,0x00000000f4a80000)
  from space 43520K, 49% used [0x00000000f7480000,0x00000000f8982d50,0x00000000f9f00000)
  to   space 43008K, 0% used [0x00000000f4a80000,0x00000000f4a80000,0x00000000f7480000)
 ParOldGen       total 115200K, used 89146K [0x00000000a0000000, 0x00000000a7080000, 0x00000000e0000000)
  object space 115200K, 77% used [0x00000000a0000000,0x00000000a570ea78,0x00000000a7080000)
 Metaspace       used 84107K, capacity 89848K, committed 89984K, reserved 1126400K
  class space    used 11340K, capacity 12365K, committed 12416K, reserved 1048576K
Event: 57.616 GC heap after
Heap after GC invocations=20 (full 3):
 PSYoungGen      total 381440K, used 31201K [0x00000000e0000000, 0x00000000fe680000, 0x0000000100000000)
  eden space 338432K, 0% used [0x00000000e0000000,0x00000000e0000000,0x00000000f4a80000)
  from space 43008K, 72% used [0x00000000f4a80000,0x00000000f68f87f8,0x00000000f7480000)
  to   space 45568K, 0% used [0x00000000fba00000,0x00000000fba00000,0x00000000fe680000)
 ParOldGen       total 115200K, used 89146K [0x00000000a0000000, 0x00000000a7080000, 0x00000000e0000000)
  object space 115200K, 77% used [0x00000000a0000000,0x00000000a570ea78,0x00000000a7080000)
 Metaspace       used 84107K, capacity 89848K, committed 89984K, reserved 1126400K
  class space    used 11340K, capacity 12365K, committed 12416K, reserved 1048576K
}
Event: 58.542 GC heap before
{Heap before GC invocations=21 (full 3):
 PSYoungGen      total 381440K, used 369633K [0x00000000e0000000, 0x00000000fe680000, 0x0000000100000000)
  eden space 338432K, 100% used [0x00000000e0000000,0x00000000f4a80000,0x00000000f4a80000)
  from space 43008K, 72% used [0x00000000f4a80000,0x00000000f68f87f8,0x00000000f7480000)
  to   space 45568K, 0% used [0x00000000fba00000,0x00000000fba00000,0x00000000fe680000)
 ParOldGen       total 115200K, used 89146K [0x00000000a0000000, 0x00000000a7080000, 0x00000000e0000000)
  object space 115200K, 77% used [0x00000000a0000000,0x00000000a570ea78,0x00000000a7080000)
 Metaspace       used 84415K, capacity 90220K, committed 90496K, reserved 1128448K
  class space    used 11343K, capacity 12367K, committed 12416K, reserved 1048576K
Event: 58.592 GC heap after
Heap after GC invocations=21 (full 3):
 PSYoungGen      total 451072K, used 30028K [0x00000000e0000000, 0x00000000fef00000, 0x0000000100000000)
  eden space 405504K, 0% used [0x00000000e0000000,0x00000000e0000000,0x00000000f8c00000)
  from space 45568K, 65% used [0x00000000fba00000,0x00000000fd7532b0,0x00000000fe680000)
  to   space 47104K, 0% used [0x00000000f8c00000,0x00000000f8c00000,0x00000000fba00000)
 ParOldGen       total 115200K, used 102378K [0x00000000a0000000, 0x00000000a7080000, 0x00000000e0000000)
  object space 115200K, 88% used [0x00000000a0000000,0x00000000a63fa918,0x00000000a7080000)
 Metaspace       used 84415K, capacity 90220K, committed 90496K, reserved 1128448K
  class space    used 11343K, capacity 12367K, committed 12416K, reserved 1048576K
}
Event: 58.592 GC heap before
{Heap before GC invocations=22 (full 4):
 PSYoungGen      total 451072K, used 30028K [0x00000000e0000000, 0x00000000fef00000, 0x0000000100000000)
  eden space 405504K, 0% used [0x00000000e0000000,0x00000000e0000000,0x00000000f8c00000)
  from space 45568K, 65% used [0x00000000fba00000,0x00000000fd7532b0,0x00000000fe680000)
  to   space 47104K, 0% used [0x00000000f8c00000,0x00000000f8c00000,0x00000000fba00000)
 ParOldGen       total 115200K, used 102378K [0x00000000a0000000, 0x00000000a7080000, 0x00000000e0000000)
  object space 115200K, 88% used [0x00000000a0000000,0x00000000a63fa918,0x00000000a7080000)
 Metaspace       used 84415K, capacity 90220K, committed 90496K, reserved 1128448K
  class space    used 11343K, capacity 12367K, committed 12416K, reserved 1048576K
Event: 59.180 GC heap after
Heap after GC invocations=22 (full 4):
 PSYoungGen      total 451072K, used 0K [0x00000000e0000000, 0x00000000fef00000, 0x0000000100000000)
  eden space 405504K, 0% used [0x00000000e0000000,0x00000000e0000000,0x00000000f8c00000)
  from space 45568K, 0% used [0x00000000fba00000,0x00000000fba00000,0x00000000fe680000)
  to   space 47104K, 0% used [0x00000000f8c00000,0x00000000f8c00000,0x00000000fba00000)
 ParOldGen       total 115200K, used 109082K [0x00000000a0000000, 0x00000000a7080000, 0x00000000e0000000)
  object space 115200K, 94% used [0x00000000a0000000,0x00000000a6a86bb0,0x00000000a7080000)
 Metaspace       used 83383K, capacity 87304K, committed 90496K, reserved 1128448K
  class space    used 10990K, capacity 11747K, committed 12416K, reserved 1048576K
}
Event: 59.991 GC heap before
{Heap before GC invocations=23 (full 5):
 PSYoungGen      total 451072K, used 405504K [0x00000000e0000000, 0x00000000fef00000, 0x0000000100000000)
  eden space 405504K, 100% used [0x00000000e0000000,0x00000000f8c00000,0x00000000f8c00000)
  from space 45568K, 0% used [0x00000000fba00000,0x00000000fba00000,0x00000000fe680000)
  to   space 47104K, 0% used [0x00000000f8c00000,0x00000000f8c00000,0x00000000fba00000)
 ParOldGen       total 115200K, used 109082K [0x00000000a0000000, 0x00000000a7080000, 0x00000000e0000000)
  object space 115200K, 94% used [0x00000000a0000000,0x00000000a6a86bb0,0x00000000a7080000)
 Metaspace       used 83502K, capacity 87470K, committed 90496K, reserved 1128448K
  class space    used 10993K, capacity 11748K, committed 12416K, reserved 1048576K
Event: 60.391 GC heap after
Heap after GC invocations=23 (full 5):
 PSYoungGen      total 451072K, used 0K [0x00000000e0000000, 0x00000000fef00000, 0x0000000100000000)
  eden space 405504K, 0% used [0x00000000e0000000,0x00000000e0000000,0x00000000f8c00000)
  from space 45568K, 0% used [0x00000000fba00000,0x00000000fba00000,0x00000000fe680000)
  to   space 47104K, 0% used [0x00000000f8c00000,0x00000000f8c00000,0x00000000fba00000)
 ParOldGen       total 253440K, used 111771K [0x00000000a0000000, 0x00000000af780000, 0x00000000e0000000)
  object space 253440K, 44% used [0x00000000a0000000,0x00000000a6d26d80,0x00000000af780000)
 Metaspace       used 83502K, capacity 87470K, committed 90496K, reserved 1128448K
  class space    used 10993K, capacity 11748K, committed 12416K, reserved 1048576K
}

Deoptimization events (10 events):
Event: 57.412 Thread 0x000000001ec42000 Uncommon trap: reason=null_check action=make_not_entrant pc=0x0000000004b644f4 method=com.android.tools.r8.u.c.o.a(II)Lcom/android/tools/r8/graph/r; @ 14
Event: 58.148 Thread 0x000000001ec40800 Uncommon trap: reason=bimorphic action=maybe_recompile pc=0x0000000004c9da9c method=com.android.tools.r8.u.c.M.a(ILcom/android/tools/r8/graph/r;)V @ 46
Event: 58.149 Thread 0x000000001ec40800 Uncommon trap: reason=bimorphic action=maybe_recompile pc=0x0000000004c9da9c method=com.android.tools.r8.u.c.M.a(ILcom/android/tools/r8/graph/r;)V @ 46
Event: 58.155 Thread 0x000000001ec40800 Uncommon trap: reason=bimorphic action=maybe_recompile pc=0x0000000004c9da9c method=com.android.tools.r8.u.c.M.a(ILcom/android/tools/r8/graph/r;)V @ 46
Event: 58.157 Thread 0x000000001ec40800 Uncommon trap: reason=bimorphic action=maybe_recompile pc=0x0000000004c9da9c method=com.android.tools.r8.u.c.M.a(ILcom/android/tools/r8/graph/r;)V @ 46
Event: 58.500 Thread 0x000000001ec42000 Uncommon trap: reason=unstable_if action=reinterpret pc=0x0000000004cfc528 method=com.android.tools.r8.u.c.M.a(ILcom/android/tools/r8/u/b/j1;Lcom/android/tools/r8/u/b/l;Lcom/android/tools/r8/u/b/l$c;Lcom/android/tools/r8/u/b/M0$a;)Lcom/android/tools/r8/u/
Event: 59.180 Thread 0x0000000002496000 Uncommon trap: reason=unstable_if action=reinterpret pc=0x0000000003304078 method=java.lang.ref.Reference.tryHandlePending(Z)Z @ 20
Event: 59.587 Thread 0x000000001ec42000 Uncommon trap: reason=unstable_if action=reinterpret pc=0x0000000004b9a3b0 method=com.android.tools.r8.ir.regalloc.LinearScanRegisterAllocator.a(Lcom/android/tools/r8/ir/regalloc/LinearScanRegisterAllocator$a;Z)Lcom/android/tools/r8/ir/regalloc/LinearScan
Event: 59.942 Thread 0x000000001ec44800 Uncommon trap: reason=unstable_if action=reinterpret pc=0x0000000002e2d868 method=java.util.HashMap.getNode(ILjava/lang/Object;)Ljava/util/HashMap$Node; @ 84
Event: 60.823 Thread 0x000000001ec43800 Uncommon trap: reason=unstable_if action=reinterpret pc=0x00000000047d8274 method=com.android.tools.r8.ir.regalloc.a.compareTo(Ljava/lang/Object;)I @ 81

Classes redefined (0 events):
No events

Internal exceptions (10 events):
Event: 58.049 Thread 0x000000001ec3d800 Exception <a 'sun/nio/fs/WindowsException'> (0x00000000e85ec510) thrown at [D:\src\AOSP-openjdk-cygwin\jdk8u\hotspot\src\share\vm\prims\jni.cpp, line 710]
Event: 58.084 Thread 0x000000001ec42000 Exception <a 'sun/nio/fs/WindowsException'> (0x00000000e90af838) thrown at [D:\src\AOSP-openjdk-cygwin\jdk8u\hotspot\src\share\vm\prims\jni.cpp, line 710]
Event: 58.192 Thread 0x000000001ec3d800 Exception <a 'sun/nio/fs/WindowsException'> (0x00000000eb8df7b8) thrown at [D:\src\AOSP-openjdk-cygwin\jdk8u\hotspot\src\share\vm\prims\jni.cpp, line 710]
Event: 58.342 Thread 0x000000001ec42000 Exception <a 'sun/nio/fs/WindowsException'> (0x00000000edfdf158) thrown at [D:\src\AOSP-openjdk-cygwin\jdk8u\hotspot\src\share\vm\prims\jni.cpp, line 710]
Event: 58.344 Thread 0x000000001ec3d800 Exception <a 'sun/nio/fs/WindowsException'> (0x00000000ee101260) thrown at [D:\src\AOSP-openjdk-cygwin\jdk8u\hotspot\src\share\vm\prims\jni.cpp, line 710]
Event: 59.348 Thread 0x000000001ec45000 Exception <a 'sun/nio/fs/WindowsException'> (0x00000000e3a1c020) thrown at [D:\src\AOSP-openjdk-cygwin\jdk8u\hotspot\src\share\vm\prims\jni.cpp, line 710]
Event: 59.462 Thread 0x000000001ec43800 Exception <a 'sun/nio/fs/WindowsException'> (0x00000000e86a7ed8) thrown at [D:\src\AOSP-openjdk-cygwin\jdk8u\hotspot\src\share\vm\prims\jni.cpp, line 710]
Event: 59.525 Thread 0x000000001ec43800 Exception <a 'sun/nio/fs/WindowsException'> (0x00000000ea3847c0) thrown at [D:\src\AOSP-openjdk-cygwin\jdk8u\hotspot\src\share\vm\prims\jni.cpp, line 710]
Event: 59.975 Thread 0x000000001ec45000 Exception <a 'sun/nio/fs/WindowsException'> (0x00000000f85a0b80) thrown at [D:\src\AOSP-openjdk-cygwin\jdk8u\hotspot\src\share\vm\prims\jni.cpp, line 710]
Event: 60.955 Thread 0x000000001ec44800 Exception <a 'sun/nio/fs/WindowsException'> (0x00000000f04554a0) thrown at [D:\src\AOSP-openjdk-cygwin\jdk8u\hotspot\src\share\vm\prims\jni.cpp, line 710]

Events (10 events):
Event: 60.863 Executing VM operation: ForceSafepoint
Event: 60.870 Executing VM operation: ForceSafepoint done
Event: 60.870 Thread 0x000000001ec3e000 DEOPT PACKING pc=0x00000000049e6c87 sp=0x000000002817ab20
Event: 60.870 Thread 0x000000001ec3e000 DEOPT UNPACKING pc=0x00000000025975d0 sp=0x000000002817a840 mode 0
Event: 60.882 Thread 0x000000001aed1800 DEOPT PACKING pc=0x00000000045f6660 sp=0x000000001c718050
Event: 60.882 Thread 0x000000001aed1800 DEOPT UNPACKING pc=0x00000000025975d0 sp=0x000000001c717e98 mode 0
Event: 60.899 Thread 0x000000001ec43800 DEOPT PACKING pc=0x00000000045f6660 sp=0x0000000027e7adf0
Event: 60.899 Thread 0x000000001ec43800 DEOPT UNPACKING pc=0x00000000025975d0 sp=0x0000000027e7ac38 mode 0
Event: 60.953 Thread 0x000000001ec43800 DEOPT PACKING pc=0x00000000045f6660 sp=0x0000000027e7adf0
Event: 60.953 Thread 0x000000001ec43800 DEOPT UNPACKING pc=0x00000000025975d0 sp=0x0000000027e7ac38 mode 0


Dynamic libraries:
0x00007ff6bcd30000 - 0x00007ff6bcd61000 	C:\Program Files\Android\Android Studio\jre\bin\java.exe
0x00007ff831ea0000 - 0x00007ff832090000 	C:\WINDOWS\SYSTEM32\ntdll.dll
0x00007ffffdba0000 - 0x00007ffffdbb3000 	C:\Program Files\AVG\Antivirus\aswhook.dll
0x00007ff830fb0000 - 0x00007ff831062000 	C:\WINDOWS\System32\KERNEL32.DLL
0x00007ff82f420000 - 0x00007ff82f6c4000 	C:\WINDOWS\System32\KERNELBASE.dll
0x00007ff830a20000 - 0x00007ff830ac3000 	C:\WINDOWS\System32\ADVAPI32.dll
0x00007ff830e50000 - 0x00007ff830eee000 	C:\WINDOWS\System32\msvcrt.dll
0x00007ff830f10000 - 0x00007ff830fa7000 	C:\WINDOWS\System32\sechost.dll
0x00007ff831a00000 - 0x00007ff831b20000 	C:\WINDOWS\System32\RPCRT4.dll
0x00007ff830b60000 - 0x00007ff830cf4000 	C:\WINDOWS\System32\USER32.dll
0x00007ff82f7a0000 - 0x00007ff82f7c1000 	C:\WINDOWS\System32\win32u.dll
0x00007ff831310000 - 0x00007ff831336000 	C:\WINDOWS\System32\GDI32.dll
0x00007ff82f280000 - 0x00007ff82f414000 	C:\WINDOWS\System32\gdi32full.dll
0x00007ff82efe0000 - 0x00007ff82f07e000 	C:\WINDOWS\System32\msvcp_win.dll
0x00007ff82f080000 - 0x00007ff82f17a000 	C:\WINDOWS\System32\ucrtbase.dll
0x00007ff81ee30000 - 0x00007ff81f0b4000 	C:\WINDOWS\WinSxS\amd64_microsoft.windows.common-controls_6595b64144ccf1df_6.0.18362.836_none_e6c4b943130f18ed\COMCTL32.dll
0x00007ff831b20000 - 0x00007ff831e56000 	C:\WINDOWS\System32\combase.dll
0x00007ff82f720000 - 0x00007ff82f7a0000 	C:\WINDOWS\System32\bcryptPrimitives.dll
0x00007ff8319d0000 - 0x00007ff8319fe000 	C:\WINDOWS\System32\IMM32.DLL
0x0000000062ee0000 - 0x0000000062fb2000 	C:\Program Files\Android\Android Studio\jre\jre\bin\msvcr100.dll
0x00000000630a0000 - 0x00000000638e6000 	C:\Program Files\Android\Android Studio\jre\jre\bin\server\jvm.dll
0x00007ff830ef0000 - 0x00007ff830ef8000 	C:\WINDOWS\System32\PSAPI.DLL
0x00007ff819f60000 - 0x00007ff819f69000 	C:\WINDOWS\SYSTEM32\WSOCK32.dll
0x00007ff830ad0000 - 0x00007ff830b3f000 	C:\WINDOWS\System32\WS2_32.dll
0x00007ff82c180000 - 0x00007ff82c1a4000 	C:\WINDOWS\SYSTEM32\WINMM.dll
0x00007ff81f550000 - 0x00007ff81f55a000 	C:\WINDOWS\SYSTEM32\VERSION.dll
0x00007ff82bf70000 - 0x00007ff82bf9d000 	C:\WINDOWS\SYSTEM32\WINMMBASE.dll
0x00007ff82f180000 - 0x00007ff82f1ca000 	C:\WINDOWS\System32\cfgmgr32.dll
0x00007ff827620000 - 0x00007ff82762f000 	C:\Program Files\Android\Android Studio\jre\jre\bin\verify.dll
0x00007ff825ec0000 - 0x00007ff825ee9000 	C:\Program Files\Android\Android Studio\jre\jre\bin\java.dll
0x00007ff8275d0000 - 0x00007ff8275e6000 	C:\Program Files\Android\Android Studio\jre\jre\bin\zip.dll
0x00007ff830100000 - 0x00007ff8307e4000 	C:\WINDOWS\System32\SHELL32.dll
0x00007ff830970000 - 0x00007ff830a19000 	C:\WINDOWS\System32\shcore.dll
0x00007ff82f7d0000 - 0x00007ff82ff4e000 	C:\WINDOWS\System32\windows.storage.dll
0x00007ff82ede0000 - 0x00007ff82ee03000 	C:\WINDOWS\System32\profapi.dll
0x00007ff82ed90000 - 0x00007ff82edda000 	C:\WINDOWS\System32\powrprof.dll
0x00007ff82ed60000 - 0x00007ff82ed70000 	C:\WINDOWS\System32\UMPDC.dll
0x00007ff830850000 - 0x00007ff8308a2000 	C:\WINDOWS\System32\shlwapi.dll
0x00007ff82ee10000 - 0x00007ff82ee21000 	C:\WINDOWS\System32\kernel.appcore.dll
0x00007ff82f700000 - 0x00007ff82f717000 	C:\WINDOWS\System32\cryptsp.dll
0x00007ff825a50000 - 0x00007ff825a6a000 	C:\Program Files\Android\Android Studio\jre\jre\bin\net.dll
0x00007ff81c270000 - 0x00007ff81c446000 	C:\WINDOWS\SYSTEM32\urlmon.dll
0x00007ff81c450000 - 0x00007ff81c6f6000 	C:\WINDOWS\SYSTEM32\iertutil.dll
0x00007ff82e7a0000 - 0x00007ff82e7ac000 	C:\WINDOWS\SYSTEM32\CRYPTBASE.DLL
0x00007ff82e5d0000 - 0x00007ff82e637000 	C:\WINDOWS\system32\mswsock.dll
0x00007ff825a00000 - 0x00007ff825a13000 	C:\Program Files\Android\Android Studio\jre\jre\bin\nio.dll
0x00007ff8138f0000 - 0x00007ff813916000 	C:\Users\yadanar moe\.gradle\native\30\windows-amd64\native-platform.dll
0x00007ff827610000 - 0x00007ff82761d000 	C:\Program Files\Android\Android Studio\jre\jre\bin\management.dll
0x00007ff82e140000 - 0x00007ff82e173000 	C:\WINDOWS\system32\rsaenh.dll
0x00007ff82f6d0000 - 0x00007ff82f6f6000 	C:\WINDOWS\System32\bcrypt.dll
0x00007ff82ec50000 - 0x00007ff82ec75000 	C:\WINDOWS\SYSTEM32\USERENV.dll
0x00007ff82e2e0000 - 0x00007ff82e31a000 	C:\WINDOWS\SYSTEM32\IPHLPAPI.DLL
0x00007ff830960000 - 0x00007ff830968000 	C:\WINDOWS\System32\NSI.dll
0x00007ff81fcc0000 - 0x00007ff81fcd6000 	C:\WINDOWS\SYSTEM32\dhcpcsvc6.DLL
0x00007ff822230000 - 0x00007ff82224c000 	C:\WINDOWS\SYSTEM32\dhcpcsvc.DLL
0x00007ff82e320000 - 0x00007ff82e3eb000 	C:\WINDOWS\SYSTEM32\DNSAPI.dll

VM Arguments:
jvm_args: -Xmx1536m -Dfile.encoding=windows-1252 -Duser.country=SG -Duser.language=en -Duser.variant 
java_command: org.gradle.launcher.daemon.bootstrap.GradleDaemon 5.6.4
java_class_path (initial): C:\Users\yadanar moe\.gradle\wrapper\dists\gradle-5.6.4-all\ankdp27end7byghfw1q2sw75f\gradle-5.6.4\lib\gradle-launcher-5.6.4.jar
Launcher Type: SUN_STANDARD

Environment Variables:
JAVA_HOME=C:\Program Files\Java\jdk
PATH=C:\Program Files (x86)\Common Files\Oracle\Java\javapath;C:\ProgramData\Oracle\Java\javapath;C:\Program Files (x86)\Intel\Intel(R) Management Engine Components\iCLS\:C:\Program Files\Java\jdk-12.0.2\bin;C:\Program Files\Intel\Intel(R) Management Engine Components\iCLS\;C:\Windows\system32;C:\Windows;C:\Windows\System32\Wbem;C:\Windows\System32\WindowsPowerShell\v1.0\:C:\Program Files\Java\jdk\bin:C:\Program Files\Java\jre\bin;C:\Windows\System32\OpenSSH\;C:\Program Files (x86)\Intel\Intel(R) Management Engine Components\DAL;C:\Program Files\Intel\Intel(R) Management Engine Components\DAL;C:\Program Files (x86)\Intel\Intel(R) Management Engine Components\IPT;C:\Program Files\Intel\Intel(R) Management Engine Components\IPT;C:\Program Files (x86)\NVIDIA Corporation\PhysX\Common;C:\WINDOWS\system32;C:\WINDOWS;C:\WINDOWS\System32\Wbem;C:\WINDOWS\System32\WindowsPowerShell\v1.0\;C:\WINDOWS\System32\OpenSSH\;C:\Program Files\Git\cmd;C:\Program Files\Git\mingw64\bin;C:\Program Files\Git\usr\bin;C:\Program Files\Java\jdk1.8.0_221\bin;C:\Users\yadanar moe\AppData\Local\Microsoft\WindowsApps;;C:\Users\yadanar moe\AppData\Local\Programs\Microsoft VS Code\bin;C:\Program Files\JetBrains\PyCharm Community Edition 2019.3.1\bin;
USERNAME=yadanar moe
OS=Windows_NT
PROCESSOR_IDENTIFIER=Intel64 Family 6 Model 142 Stepping 10, GenuineIntel



---------------  S Y S T E M  ---------------

OS: Windows 10.0 , 64 bit Build 18362 (10.0.18362.778)

CPU:total 8 (initial active 8) (4 cores per cpu, 2 threads per core) family 6 model 142 stepping 10, cmov, cx8, fxsr, mmx, sse, sse2, sse3, ssse3, sse4.1, sse4.2, popcnt, avx, avx2, aes, clmul, erms, 3dnowpref, lzcnt, ht, tsc, tscinvbit, bmi1, bmi2, adx

Memory: 4k page, physical 8270048k(889224k free), swap 33435872k(3136k free)

vm_info: OpenJDK 64-Bit Server VM (25.212-b04) for windows-amd64 JRE (1.8.0_212-release-1586-b04), built by "builder" with MS VC++ 10.0 (VS2010)

time: Sat Jun 06 03:55:34 2020
timezone: Malay Peninsula Standard Time
elapsed time: 61 seconds (0d 0h 1m 1s)

